ERROR - 2023-08-13 13:38:01 --> Error connecting to the database: mysqli_sql_exception: Access denied for user ''@'localhost' (using password: NO) in D:\project\codeigniter4-framework-7c663e1\system\Database\MySQLi\Connection.php:174
Stack trace:
#0 D:\project\codeigniter4-framework-7c663e1\system\Database\MySQLi\Connection.php(174): mysqli->real_connect('localhost', '', '', '', 3306, '', 0)
#1 D:\project\codeigniter4-framework-7c663e1\system\Database\BaseConnection.php(391): CodeIgniter\Database\MySQLi\Connection->connect(false)
#2 D:\project\codeigniter4-framework-7c663e1\system\Database\BaseConnection.php(574): CodeIgniter\Database\BaseConnection->initialize()
#3 D:\project\codeigniter4-framework-7c663e1\system\Database\BaseBuilder.php(1616): CodeIgniter\Database\BaseConnection->query('SELECT *\nFROM `...', Array, false)
#4 D:\project\codeigniter4-framework-7c663e1\system\Model.php(241): CodeIgniter\Database\BaseBuilder->get()
#5 D:\project\codeigniter4-framework-7c663e1\system\BaseModel.php(618): CodeIgniter\Model->doFindAll(0, 0)
#6 D:\project\codeigniter4-framework-7c663e1\app\Controllers\Home.php(14): CodeIgniter\BaseModel->findAll()
#7 D:\project\codeigniter4-framework-7c663e1\system\CodeIgniter.php(932): App\Controllers\Home->index()
#8 D:\project\codeigniter4-framework-7c663e1\system\CodeIgniter.php(497): CodeIgniter\CodeIgniter->runController(Object(App\Controllers\Home))
#9 D:\project\codeigniter4-framework-7c663e1\system\CodeIgniter.php(366): CodeIgniter\CodeIgniter->handleRequest(NULL, Object(Config\Cache), false)
#10 D:\project\codeigniter4-framework-7c663e1\public\index.php(67): CodeIgniter\CodeIgniter->run()
#11 D:\project\codeigniter4-framework-7c663e1\system\Commands\Server\rewrite.php(47): require_once('D:\\project\\code...')
#12 {main}

Next CodeIgniter\Database\Exceptions\DatabaseException: Access denied for user ''@'localhost' (using password: NO) in D:\project\codeigniter4-framework-7c663e1\system\Database\MySQLi\Connection.php:218
Stack trace:
#0 D:\project\codeigniter4-framework-7c663e1\system\Database\BaseConnection.php(391): CodeIgniter\Database\MySQLi\Connection->connect(false)
#1 D:\project\codeigniter4-framework-7c663e1\system\Database\BaseConnection.php(574): CodeIgniter\Database\BaseConnection->initialize()
#2 D:\project\codeigniter4-framework-7c663e1\system\Database\BaseBuilder.php(1616): CodeIgniter\Database\BaseConnection->query('SELECT *\nFROM `...', Array, false)
#3 D:\project\codeigniter4-framework-7c663e1\system\Model.php(241): CodeIgniter\Database\BaseBuilder->get()
#4 D:\project\codeigniter4-framework-7c663e1\system\BaseModel.php(618): CodeIgniter\Model->doFindAll(0, 0)
#5 D:\project\codeigniter4-framework-7c663e1\app\Controllers\Home.php(14): CodeIgniter\BaseModel->findAll()
#6 D:\project\codeigniter4-framework-7c663e1\system\CodeIgniter.php(932): App\Controllers\Home->index()
#7 D:\project\codeigniter4-framework-7c663e1\system\CodeIgniter.php(497): CodeIgniter\CodeIgniter->runController(Object(App\Controllers\Home))
#8 D:\project\codeigniter4-framework-7c663e1\system\CodeIgniter.php(366): CodeIgniter\CodeIgniter->handleRequest(NULL, Object(Config\Cache), false)
#9 D:\project\codeigniter4-framework-7c663e1\public\index.php(67): CodeIgniter\CodeIgniter->run()
#10 D:\project\codeigniter4-framework-7c663e1\system\Commands\Server\rewrite.php(47): require_once('D:\\project\\code...')
#11 {main}
CRITICAL - 2023-08-13 13:38:01 --> Unable to connect to the database.
Main connection [MySQLi]: Access denied for user ''@'localhost' (using password: NO)
in SYSTEMPATH\Database\BaseConnection.php on line 427.
 1 SYSTEMPATH\Database\BaseConnection.php(574): CodeIgniter\Database\BaseConnection->initialize()
 2 SYSTEMPATH\Database\BaseBuilder.php(1616): CodeIgniter\Database\BaseConnection->query('SELECT *
FROM `admin`', [], false)
 3 SYSTEMPATH\Model.php(241): CodeIgniter\Database\BaseBuilder->get()
 4 SYSTEMPATH\BaseModel.php(618): CodeIgniter\Model->doFindAll(0, 0)
 5 APPPATH\Controllers\Home.php(14): CodeIgniter\BaseModel->findAll()
 6 SYSTEMPATH\CodeIgniter.php(932): App\Controllers\Home->index()
 7 SYSTEMPATH\CodeIgniter.php(497): CodeIgniter\CodeIgniter->runController(Object(App\Controllers\Home))
 8 SYSTEMPATH\CodeIgniter.php(366): CodeIgniter\CodeIgniter->handleRequest(null, Object(Config\Cache), false)
 9 FCPATH\index.php(67): CodeIgniter\CodeIgniter->run()
10 SYSTEMPATH\Commands\Server\rewrite.php(47): require_once('D:\\project\\codeigniter4-framework-7c663e1\\public\\index.php')
ERROR - 2023-08-13 13:38:50 --> Error connecting to the database: mysqli_sql_exception: Access denied for user ''@'localhost' (using password: NO) in D:\project\codeigniter4-framework-7c663e1\system\Database\MySQLi\Connection.php:174
Stack trace:
#0 D:\project\codeigniter4-framework-7c663e1\system\Database\MySQLi\Connection.php(174): mysqli->real_connect('localhost', '', '', '', 3306, '', 0)
#1 D:\project\codeigniter4-framework-7c663e1\system\Database\BaseConnection.php(391): CodeIgniter\Database\MySQLi\Connection->connect(false)
#2 D:\project\codeigniter4-framework-7c663e1\system\Database\BaseConnection.php(574): CodeIgniter\Database\BaseConnection->initialize()
#3 D:\project\codeigniter4-framework-7c663e1\system\Database\BaseBuilder.php(1616): CodeIgniter\Database\BaseConnection->query('SELECT *\nFROM `...', Array, false)
#4 D:\project\codeigniter4-framework-7c663e1\system\Model.php(241): CodeIgniter\Database\BaseBuilder->get()
#5 D:\project\codeigniter4-framework-7c663e1\system\BaseModel.php(618): CodeIgniter\Model->doFindAll(0, 0)
#6 D:\project\codeigniter4-framework-7c663e1\app\Controllers\Home.php(14): CodeIgniter\BaseModel->findAll()
#7 D:\project\codeigniter4-framework-7c663e1\system\CodeIgniter.php(932): App\Controllers\Home->index()
#8 D:\project\codeigniter4-framework-7c663e1\system\CodeIgniter.php(497): CodeIgniter\CodeIgniter->runController(Object(App\Controllers\Home))
#9 D:\project\codeigniter4-framework-7c663e1\system\CodeIgniter.php(366): CodeIgniter\CodeIgniter->handleRequest(NULL, Object(Config\Cache), false)
#10 D:\project\codeigniter4-framework-7c663e1\public\index.php(67): CodeIgniter\CodeIgniter->run()
#11 D:\project\codeigniter4-framework-7c663e1\system\Commands\Server\rewrite.php(47): require_once('D:\\project\\code...')
#12 {main}

Next CodeIgniter\Database\Exceptions\DatabaseException: Access denied for user ''@'localhost' (using password: NO) in D:\project\codeigniter4-framework-7c663e1\system\Database\MySQLi\Connection.php:218
Stack trace:
#0 D:\project\codeigniter4-framework-7c663e1\system\Database\BaseConnection.php(391): CodeIgniter\Database\MySQLi\Connection->connect(false)
#1 D:\project\codeigniter4-framework-7c663e1\system\Database\BaseConnection.php(574): CodeIgniter\Database\BaseConnection->initialize()
#2 D:\project\codeigniter4-framework-7c663e1\system\Database\BaseBuilder.php(1616): CodeIgniter\Database\BaseConnection->query('SELECT *\nFROM `...', Array, false)
#3 D:\project\codeigniter4-framework-7c663e1\system\Model.php(241): CodeIgniter\Database\BaseBuilder->get()
#4 D:\project\codeigniter4-framework-7c663e1\system\BaseModel.php(618): CodeIgniter\Model->doFindAll(0, 0)
#5 D:\project\codeigniter4-framework-7c663e1\app\Controllers\Home.php(14): CodeIgniter\BaseModel->findAll()
#6 D:\project\codeigniter4-framework-7c663e1\system\CodeIgniter.php(932): App\Controllers\Home->index()
#7 D:\project\codeigniter4-framework-7c663e1\system\CodeIgniter.php(497): CodeIgniter\CodeIgniter->runController(Object(App\Controllers\Home))
#8 D:\project\codeigniter4-framework-7c663e1\system\CodeIgniter.php(366): CodeIgniter\CodeIgniter->handleRequest(NULL, Object(Config\Cache), false)
#9 D:\project\codeigniter4-framework-7c663e1\public\index.php(67): CodeIgniter\CodeIgniter->run()
#10 D:\project\codeigniter4-framework-7c663e1\system\Commands\Server\rewrite.php(47): require_once('D:\\project\\code...')
#11 {main}
CRITICAL - 2023-08-13 13:38:50 --> Unable to connect to the database.
Main connection [MySQLi]: Access denied for user ''@'localhost' (using password: NO)
in SYSTEMPATH\Database\BaseConnection.php on line 427.
 1 SYSTEMPATH\Database\BaseConnection.php(574): CodeIgniter\Database\BaseConnection->initialize()
 2 SYSTEMPATH\Database\BaseBuilder.php(1616): CodeIgniter\Database\BaseConnection->query('SELECT *
FROM `admin`', [], false)
 3 SYSTEMPATH\Model.php(241): CodeIgniter\Database\BaseBuilder->get()
 4 SYSTEMPATH\BaseModel.php(618): CodeIgniter\Model->doFindAll(0, 0)
 5 APPPATH\Controllers\Home.php(14): CodeIgniter\BaseModel->findAll()
 6 SYSTEMPATH\CodeIgniter.php(932): App\Controllers\Home->index()
 7 SYSTEMPATH\CodeIgniter.php(497): CodeIgniter\CodeIgniter->runController(Object(App\Controllers\Home))
 8 SYSTEMPATH\CodeIgniter.php(366): CodeIgniter\CodeIgniter->handleRequest(null, Object(Config\Cache), false)
 9 FCPATH\index.php(67): CodeIgniter\CodeIgniter->run()
10 SYSTEMPATH\Commands\Server\rewrite.php(47): require_once('D:\\project\\codeigniter4-framework-7c663e1\\public\\index.php')
ERROR - 2023-08-13 14:22:38 --> mysqli_sql_exception: Duplicate entry '' for key 'admin.PRIMARY' in D:\project\codeigniter4-framework-7c663e1\system\Database\MySQLi\Connection.php:295
Stack trace:
#0 D:\project\codeigniter4-framework-7c663e1\system\Database\MySQLi\Connection.php(295): mysqli->query('INSERT INTO `ad...', 0)
#1 D:\project\codeigniter4-framework-7c663e1\system\Database\BaseConnection.php(692): CodeIgniter\Database\MySQLi\Connection->execute('INSERT INTO `ad...')
#2 D:\project\codeigniter4-framework-7c663e1\system\Database\BaseConnection.php(606): CodeIgniter\Database\BaseConnection->simpleQuery('INSERT INTO `ad...')
#3 D:\project\codeigniter4-framework-7c663e1\system\Database\BaseBuilder.php(2309): CodeIgniter\Database\BaseConnection->query('INSERT INTO `ad...', Array, false)
#4 D:\project\codeigniter4-framework-7c663e1\system\Model.php(330): CodeIgniter\Database\BaseBuilder->insert()
#5 D:\project\codeigniter4-framework-7c663e1\system\BaseModel.php(782): CodeIgniter\Model->doInsert(Array)
#6 D:\project\codeigniter4-framework-7c663e1\system\Model.php(730): CodeIgniter\BaseModel->insert(Array, true)
#7 D:\project\codeigniter4-framework-7c663e1\app\Controllers\Home.php(34): CodeIgniter\Model->insert(Array)
#8 D:\project\codeigniter4-framework-7c663e1\system\CodeIgniter.php(932): App\Controllers\Home->registerIn()
#9 D:\project\codeigniter4-framework-7c663e1\system\CodeIgniter.php(497): CodeIgniter\CodeIgniter->runController(Object(App\Controllers\Home))
#10 D:\project\codeigniter4-framework-7c663e1\system\CodeIgniter.php(366): CodeIgniter\CodeIgniter->handleRequest(NULL, Object(Config\Cache), false)
#11 D:\project\codeigniter4-framework-7c663e1\public\index.php(67): CodeIgniter\CodeIgniter->run()
#12 D:\project\codeigniter4-framework-7c663e1\system\Commands\Server\rewrite.php(47): require_once('D:\\project\\code...')
#13 {main}
CRITICAL - 2023-08-13 14:22:38 --> Duplicate entry '' for key 'admin.PRIMARY'
in SYSTEMPATH\Database\MySQLi\Connection.php on line 295.
 1 SYSTEMPATH\Database\MySQLi\Connection.php(295): mysqli->query('INSERT INTO `admin` (`nama`, `email`, `password`) VALUES (NULL, \'indra@example.com\', \'$2y$10$Tyqk/3eN0Iw7ejyvPI/dZuAEgsP0K4OCeE4BC26/bhP1IdhCPJcnS\')', 0)
 2 SYSTEMPATH\Database\BaseConnection.php(692): CodeIgniter\Database\MySQLi\Connection->execute('INSERT INTO `admin` (`nama`, `email`, `password`) VALUES (NULL, \'indra@example.com\', \'$2y$10$Tyqk/3eN0Iw7ejyvPI/dZuAEgsP0K4OCeE4BC26/bhP1IdhCPJcnS\')')
 3 SYSTEMPATH\Database\BaseConnection.php(606): CodeIgniter\Database\BaseConnection->simpleQuery('INSERT INTO `admin` (`nama`, `email`, `password`) VALUES (NULL, \'indra@example.com\', \'$2y$10$Tyqk/3eN0Iw7ejyvPI/dZuAEgsP0K4OCeE4BC26/bhP1IdhCPJcnS\')')
 4 SYSTEMPATH\Database\BaseBuilder.php(2309): CodeIgniter\Database\BaseConnection->query('INSERT INTO `admin` (`nama`, `email`, `password`) VALUES (:nama:, :email:, :password:)', [...], false)
 5 SYSTEMPATH\Model.php(330): CodeIgniter\Database\BaseBuilder->insert()
 6 SYSTEMPATH\BaseModel.php(782): CodeIgniter\Model->doInsert([...])
 7 SYSTEMPATH\Model.php(730): CodeIgniter\BaseModel->insert([...], true)
 8 APPPATH\Controllers\Home.php(34): CodeIgniter\Model->insert([...])
 9 SYSTEMPATH\CodeIgniter.php(932): App\Controllers\Home->registerIn()
10 SYSTEMPATH\CodeIgniter.php(497): CodeIgniter\CodeIgniter->runController(Object(App\Controllers\Home))
11 SYSTEMPATH\CodeIgniter.php(366): CodeIgniter\CodeIgniter->handleRequest(null, Object(Config\Cache), false)
12 FCPATH\index.php(67): CodeIgniter\CodeIgniter->run()
13 SYSTEMPATH\Commands\Server\rewrite.php(47): require_once('D:\\project\\codeigniter4-framework-7c663e1\\public\\index.php')
ERROR - 2023-08-13 14:24:00 --> mysqli_sql_exception: Duplicate entry '' for key 'admin.PRIMARY' in D:\project\codeigniter4-framework-7c663e1\system\Database\MySQLi\Connection.php:295
Stack trace:
#0 D:\project\codeigniter4-framework-7c663e1\system\Database\MySQLi\Connection.php(295): mysqli->query('INSERT INTO `ad...', 0)
#1 D:\project\codeigniter4-framework-7c663e1\system\Database\BaseConnection.php(692): CodeIgniter\Database\MySQLi\Connection->execute('INSERT INTO `ad...')
#2 D:\project\codeigniter4-framework-7c663e1\system\Database\BaseConnection.php(606): CodeIgniter\Database\BaseConnection->simpleQuery('INSERT INTO `ad...')
#3 D:\project\codeigniter4-framework-7c663e1\system\Database\BaseBuilder.php(2309): CodeIgniter\Database\BaseConnection->query('INSERT INTO `ad...', Array, false)
#4 D:\project\codeigniter4-framework-7c663e1\system\Model.php(330): CodeIgniter\Database\BaseBuilder->insert()
#5 D:\project\codeigniter4-framework-7c663e1\system\BaseModel.php(782): CodeIgniter\Model->doInsert(Array)
#6 D:\project\codeigniter4-framework-7c663e1\system\Model.php(730): CodeIgniter\BaseModel->insert(Array, true)
#7 D:\project\codeigniter4-framework-7c663e1\app\Controllers\Home.php(34): CodeIgniter\Model->insert(Array)
#8 D:\project\codeigniter4-framework-7c663e1\system\CodeIgniter.php(932): App\Controllers\Home->registerIn()
#9 D:\project\codeigniter4-framework-7c663e1\system\CodeIgniter.php(497): CodeIgniter\CodeIgniter->runController(Object(App\Controllers\Home))
#10 D:\project\codeigniter4-framework-7c663e1\system\CodeIgniter.php(366): CodeIgniter\CodeIgniter->handleRequest(NULL, Object(Config\Cache), false)
#11 D:\project\codeigniter4-framework-7c663e1\public\index.php(67): CodeIgniter\CodeIgniter->run()
#12 D:\project\codeigniter4-framework-7c663e1\system\Commands\Server\rewrite.php(47): require_once('D:\\project\\code...')
#13 {main}
CRITICAL - 2023-08-13 14:24:00 --> Duplicate entry '' for key 'admin.PRIMARY'
in SYSTEMPATH\Database\MySQLi\Connection.php on line 295.
 1 SYSTEMPATH\Database\MySQLi\Connection.php(295): mysqli->query('INSERT INTO `admin` (`nama`, `email`, `password`) VALUES (NULL, \'indra@example.com\', \'$2y$10$5e7iG.eMugHC20KBJjFcx.6dN2MfglO7eINxqHRK72ysWnhZdzNla\')', 0)
 2 SYSTEMPATH\Database\BaseConnection.php(692): CodeIgniter\Database\MySQLi\Connection->execute('INSERT INTO `admin` (`nama`, `email`, `password`) VALUES (NULL, \'indra@example.com\', \'$2y$10$5e7iG.eMugHC20KBJjFcx.6dN2MfglO7eINxqHRK72ysWnhZdzNla\')')
 3 SYSTEMPATH\Database\BaseConnection.php(606): CodeIgniter\Database\BaseConnection->simpleQuery('INSERT INTO `admin` (`nama`, `email`, `password`) VALUES (NULL, \'indra@example.com\', \'$2y$10$5e7iG.eMugHC20KBJjFcx.6dN2MfglO7eINxqHRK72ysWnhZdzNla\')')
 4 SYSTEMPATH\Database\BaseBuilder.php(2309): CodeIgniter\Database\BaseConnection->query('INSERT INTO `admin` (`nama`, `email`, `password`) VALUES (:nama:, :email:, :password:)', [...], false)
 5 SYSTEMPATH\Model.php(330): CodeIgniter\Database\BaseBuilder->insert()
 6 SYSTEMPATH\BaseModel.php(782): CodeIgniter\Model->doInsert([...])
 7 SYSTEMPATH\Model.php(730): CodeIgniter\BaseModel->insert([...], true)
 8 APPPATH\Controllers\Home.php(34): CodeIgniter\Model->insert([...])
 9 SYSTEMPATH\CodeIgniter.php(932): App\Controllers\Home->registerIn()
10 SYSTEMPATH\CodeIgniter.php(497): CodeIgniter\CodeIgniter->runController(Object(App\Controllers\Home))
11 SYSTEMPATH\CodeIgniter.php(366): CodeIgniter\CodeIgniter->handleRequest(null, Object(Config\Cache), false)
12 FCPATH\index.php(67): CodeIgniter\CodeIgniter->run()
13 SYSTEMPATH\Commands\Server\rewrite.php(47): require_once('D:\\project\\codeigniter4-framework-7c663e1\\public\\index.php')
ERROR - 2023-08-13 14:24:06 --> mysqli_sql_exception: Duplicate entry '' for key 'admin.PRIMARY' in D:\project\codeigniter4-framework-7c663e1\system\Database\MySQLi\Connection.php:295
Stack trace:
#0 D:\project\codeigniter4-framework-7c663e1\system\Database\MySQLi\Connection.php(295): mysqli->query('INSERT INTO `ad...', 0)
#1 D:\project\codeigniter4-framework-7c663e1\system\Database\BaseConnection.php(692): CodeIgniter\Database\MySQLi\Connection->execute('INSERT INTO `ad...')
#2 D:\project\codeigniter4-framework-7c663e1\system\Database\BaseConnection.php(606): CodeIgniter\Database\BaseConnection->simpleQuery('INSERT INTO `ad...')
#3 D:\project\codeigniter4-framework-7c663e1\system\Database\BaseBuilder.php(2309): CodeIgniter\Database\BaseConnection->query('INSERT INTO `ad...', Array, false)
#4 D:\project\codeigniter4-framework-7c663e1\system\Model.php(330): CodeIgniter\Database\BaseBuilder->insert()
#5 D:\project\codeigniter4-framework-7c663e1\system\BaseModel.php(782): CodeIgniter\Model->doInsert(Array)
#6 D:\project\codeigniter4-framework-7c663e1\system\Model.php(730): CodeIgniter\BaseModel->insert(Array, true)
#7 D:\project\codeigniter4-framework-7c663e1\app\Controllers\Home.php(34): CodeIgniter\Model->insert(Array)
#8 D:\project\codeigniter4-framework-7c663e1\system\CodeIgniter.php(932): App\Controllers\Home->registerIn()
#9 D:\project\codeigniter4-framework-7c663e1\system\CodeIgniter.php(497): CodeIgniter\CodeIgniter->runController(Object(App\Controllers\Home))
#10 D:\project\codeigniter4-framework-7c663e1\system\CodeIgniter.php(366): CodeIgniter\CodeIgniter->handleRequest(NULL, Object(Config\Cache), false)
#11 D:\project\codeigniter4-framework-7c663e1\public\index.php(67): CodeIgniter\CodeIgniter->run()
#12 D:\project\codeigniter4-framework-7c663e1\system\Commands\Server\rewrite.php(47): require_once('D:\\project\\code...')
#13 {main}
CRITICAL - 2023-08-13 14:24:06 --> Duplicate entry '' for key 'admin.PRIMARY'
in SYSTEMPATH\Database\MySQLi\Connection.php on line 295.
 1 SYSTEMPATH\Database\MySQLi\Connection.php(295): mysqli->query('INSERT INTO `admin` (`nama`, `email`, `password`) VALUES (NULL, \'indra@example.com\', \'$2y$10$lkujxBu0RntUDa.GoOpnYO6sJk93KzYguR5PEDVKrz4o5N6Y1T4yK\')', 0)
 2 SYSTEMPATH\Database\BaseConnection.php(692): CodeIgniter\Database\MySQLi\Connection->execute('INSERT INTO `admin` (`nama`, `email`, `password`) VALUES (NULL, \'indra@example.com\', \'$2y$10$lkujxBu0RntUDa.GoOpnYO6sJk93KzYguR5PEDVKrz4o5N6Y1T4yK\')')
 3 SYSTEMPATH\Database\BaseConnection.php(606): CodeIgniter\Database\BaseConnection->simpleQuery('INSERT INTO `admin` (`nama`, `email`, `password`) VALUES (NULL, \'indra@example.com\', \'$2y$10$lkujxBu0RntUDa.GoOpnYO6sJk93KzYguR5PEDVKrz4o5N6Y1T4yK\')')
 4 SYSTEMPATH\Database\BaseBuilder.php(2309): CodeIgniter\Database\BaseConnection->query('INSERT INTO `admin` (`nama`, `email`, `password`) VALUES (:nama:, :email:, :password:)', [...], false)
 5 SYSTEMPATH\Model.php(330): CodeIgniter\Database\BaseBuilder->insert()
 6 SYSTEMPATH\BaseModel.php(782): CodeIgniter\Model->doInsert([...])
 7 SYSTEMPATH\Model.php(730): CodeIgniter\BaseModel->insert([...], true)
 8 APPPATH\Controllers\Home.php(34): CodeIgniter\Model->insert([...])
 9 SYSTEMPATH\CodeIgniter.php(932): App\Controllers\Home->registerIn()
10 SYSTEMPATH\CodeIgniter.php(497): CodeIgniter\CodeIgniter->runController(Object(App\Controllers\Home))
11 SYSTEMPATH\CodeIgniter.php(366): CodeIgniter\CodeIgniter->handleRequest(null, Object(Config\Cache), false)
12 FCPATH\index.php(67): CodeIgniter\CodeIgniter->run()
13 SYSTEMPATH\Commands\Server\rewrite.php(47): require_once('D:\\project\\codeigniter4-framework-7c663e1\\public\\index.php')
ERROR - 2023-08-13 14:27:56 --> mysqli_sql_exception: Duplicate entry '' for key 'admin.PRIMARY' in D:\project\codeigniter4-framework-7c663e1\system\Database\MySQLi\Connection.php:295
Stack trace:
#0 D:\project\codeigniter4-framework-7c663e1\system\Database\MySQLi\Connection.php(295): mysqli->query('INSERT INTO `ad...', 0)
#1 D:\project\codeigniter4-framework-7c663e1\system\Database\BaseConnection.php(692): CodeIgniter\Database\MySQLi\Connection->execute('INSERT INTO `ad...')
#2 D:\project\codeigniter4-framework-7c663e1\system\Database\BaseConnection.php(606): CodeIgniter\Database\BaseConnection->simpleQuery('INSERT INTO `ad...')
#3 D:\project\codeigniter4-framework-7c663e1\system\Database\BaseBuilder.php(2309): CodeIgniter\Database\BaseConnection->query('INSERT INTO `ad...', Array, false)
#4 D:\project\codeigniter4-framework-7c663e1\system\Model.php(330): CodeIgniter\Database\BaseBuilder->insert()
#5 D:\project\codeigniter4-framework-7c663e1\system\BaseModel.php(782): CodeIgniter\Model->doInsert(Array)
#6 D:\project\codeigniter4-framework-7c663e1\system\Model.php(730): CodeIgniter\BaseModel->insert(Array, true)
#7 D:\project\codeigniter4-framework-7c663e1\app\Controllers\Home.php(36): CodeIgniter\Model->insert(Array)
#8 D:\project\codeigniter4-framework-7c663e1\system\CodeIgniter.php(932): App\Controllers\Home->registerIn()
#9 D:\project\codeigniter4-framework-7c663e1\system\CodeIgniter.php(497): CodeIgniter\CodeIgniter->runController(Object(App\Controllers\Home))
#10 D:\project\codeigniter4-framework-7c663e1\system\CodeIgniter.php(366): CodeIgniter\CodeIgniter->handleRequest(NULL, Object(Config\Cache), false)
#11 D:\project\codeigniter4-framework-7c663e1\public\index.php(67): CodeIgniter\CodeIgniter->run()
#12 D:\project\codeigniter4-framework-7c663e1\system\Commands\Server\rewrite.php(47): require_once('D:\\project\\code...')
#13 {main}
CRITICAL - 2023-08-13 14:27:56 --> Duplicate entry '' for key 'admin.PRIMARY'
in SYSTEMPATH\Database\MySQLi\Connection.php on line 295.
 1 SYSTEMPATH\Database\MySQLi\Connection.php(295): mysqli->query('INSERT INTO `admin` (`nama`, `email`, `password`) VALUES (NULL, \'indra@example.com\', \'$2y$10$4AhcCId4EDk5qv9O.qHUSejM8o2jK.frZFU7R1pxJx0uY3f2bHk1S\')', 0)
 2 SYSTEMPATH\Database\BaseConnection.php(692): CodeIgniter\Database\MySQLi\Connection->execute('INSERT INTO `admin` (`nama`, `email`, `password`) VALUES (NULL, \'indra@example.com\', \'$2y$10$4AhcCId4EDk5qv9O.qHUSejM8o2jK.frZFU7R1pxJx0uY3f2bHk1S\')')
 3 SYSTEMPATH\Database\BaseConnection.php(606): CodeIgniter\Database\BaseConnection->simpleQuery('INSERT INTO `admin` (`nama`, `email`, `password`) VALUES (NULL, \'indra@example.com\', \'$2y$10$4AhcCId4EDk5qv9O.qHUSejM8o2jK.frZFU7R1pxJx0uY3f2bHk1S\')')
 4 SYSTEMPATH\Database\BaseBuilder.php(2309): CodeIgniter\Database\BaseConnection->query('INSERT INTO `admin` (`nama`, `email`, `password`) VALUES (:nama:, :email:, :password:)', [...], false)
 5 SYSTEMPATH\Model.php(330): CodeIgniter\Database\BaseBuilder->insert()
 6 SYSTEMPATH\BaseModel.php(782): CodeIgniter\Model->doInsert([...])
 7 SYSTEMPATH\Model.php(730): CodeIgniter\BaseModel->insert([...], true)
 8 APPPATH\Controllers\Home.php(36): CodeIgniter\Model->insert([...])
 9 SYSTEMPATH\CodeIgniter.php(932): App\Controllers\Home->registerIn()
10 SYSTEMPATH\CodeIgniter.php(497): CodeIgniter\CodeIgniter->runController(Object(App\Controllers\Home))
11 SYSTEMPATH\CodeIgniter.php(366): CodeIgniter\CodeIgniter->handleRequest(null, Object(Config\Cache), false)
12 FCPATH\index.php(67): CodeIgniter\CodeIgniter->run()
13 SYSTEMPATH\Commands\Server\rewrite.php(47): require_once('D:\\project\\codeigniter4-framework-7c663e1\\public\\index.php')
ERROR - 2023-08-13 14:33:55 --> mysqli_sql_exception: Duplicate entry '' for key 'admin.PRIMARY' in D:\project\codeigniter4-framework-7c663e1\system\Database\MySQLi\Connection.php:295
Stack trace:
#0 D:\project\codeigniter4-framework-7c663e1\system\Database\MySQLi\Connection.php(295): mysqli->query('INSERT INTO `ad...', 0)
#1 D:\project\codeigniter4-framework-7c663e1\system\Database\BaseConnection.php(692): CodeIgniter\Database\MySQLi\Connection->execute('INSERT INTO `ad...')
#2 D:\project\codeigniter4-framework-7c663e1\system\Database\BaseConnection.php(606): CodeIgniter\Database\BaseConnection->simpleQuery('INSERT INTO `ad...')
#3 D:\project\codeigniter4-framework-7c663e1\system\Database\BaseBuilder.php(2309): CodeIgniter\Database\BaseConnection->query('INSERT INTO `ad...', Array, false)
#4 D:\project\codeigniter4-framework-7c663e1\system\Model.php(330): CodeIgniter\Database\BaseBuilder->insert()
#5 D:\project\codeigniter4-framework-7c663e1\system\BaseModel.php(782): CodeIgniter\Model->doInsert(Array)
#6 D:\project\codeigniter4-framework-7c663e1\system\Model.php(730): CodeIgniter\BaseModel->insert(Array, true)
#7 D:\project\codeigniter4-framework-7c663e1\app\Controllers\Home.php(39): CodeIgniter\Model->insert(Array)
#8 D:\project\codeigniter4-framework-7c663e1\system\CodeIgniter.php(932): App\Controllers\Home->registerIn()
#9 D:\project\codeigniter4-framework-7c663e1\system\CodeIgniter.php(497): CodeIgniter\CodeIgniter->runController(Object(App\Controllers\Home))
#10 D:\project\codeigniter4-framework-7c663e1\system\CodeIgniter.php(366): CodeIgniter\CodeIgniter->handleRequest(NULL, Object(Config\Cache), false)
#11 D:\project\codeigniter4-framework-7c663e1\public\index.php(67): CodeIgniter\CodeIgniter->run()
#12 D:\project\codeigniter4-framework-7c663e1\system\Commands\Server\rewrite.php(47): require_once('D:\\project\\code...')
#13 {main}
CRITICAL - 2023-08-13 14:33:55 --> Duplicate entry '' for key 'admin.PRIMARY'
in SYSTEMPATH\Database\MySQLi\Connection.php on line 295.
 1 SYSTEMPATH\Database\MySQLi\Connection.php(295): mysqli->query('INSERT INTO `admin` (`nama`, `email`, `password`) VALUES (\'Fajar\', \'fajar@sd.as\', \'$2y$10$BDpp41nntqQN4SB2THeMIOcz4TcOjhbm.zStxTZcyS0nj2Fd8pxpS\')', 0)
 2 SYSTEMPATH\Database\BaseConnection.php(692): CodeIgniter\Database\MySQLi\Connection->execute('INSERT INTO `admin` (`nama`, `email`, `password`) VALUES (\'Fajar\', \'fajar@sd.as\', \'$2y$10$BDpp41nntqQN4SB2THeMIOcz4TcOjhbm.zStxTZcyS0nj2Fd8pxpS\')')
 3 SYSTEMPATH\Database\BaseConnection.php(606): CodeIgniter\Database\BaseConnection->simpleQuery('INSERT INTO `admin` (`nama`, `email`, `password`) VALUES (\'Fajar\', \'fajar@sd.as\', \'$2y$10$BDpp41nntqQN4SB2THeMIOcz4TcOjhbm.zStxTZcyS0nj2Fd8pxpS\')')
 4 SYSTEMPATH\Database\BaseBuilder.php(2309): CodeIgniter\Database\BaseConnection->query('INSERT INTO `admin` (`nama`, `email`, `password`) VALUES (:nama:, :email:, :password:)', [...], false)
 5 SYSTEMPATH\Model.php(330): CodeIgniter\Database\BaseBuilder->insert()
 6 SYSTEMPATH\BaseModel.php(782): CodeIgniter\Model->doInsert([...])
 7 SYSTEMPATH\Model.php(730): CodeIgniter\BaseModel->insert([...], true)
 8 APPPATH\Controllers\Home.php(39): CodeIgniter\Model->insert([...])
 9 SYSTEMPATH\CodeIgniter.php(932): App\Controllers\Home->registerIn()
10 SYSTEMPATH\CodeIgniter.php(497): CodeIgniter\CodeIgniter->runController(Object(App\Controllers\Home))
11 SYSTEMPATH\CodeIgniter.php(366): CodeIgniter\CodeIgniter->handleRequest(null, Object(Config\Cache), false)
12 FCPATH\index.php(67): CodeIgniter\CodeIgniter->run()
13 SYSTEMPATH\Commands\Server\rewrite.php(47): require_once('D:\\project\\codeigniter4-framework-7c663e1\\public\\index.php')
ERROR - 2023-08-13 14:34:28 --> mysqli_sql_exception: Duplicate entry '' for key 'admin.PRIMARY' in D:\project\codeigniter4-framework-7c663e1\system\Database\MySQLi\Connection.php:295
Stack trace:
#0 D:\project\codeigniter4-framework-7c663e1\system\Database\MySQLi\Connection.php(295): mysqli->query('INSERT INTO `ad...', 0)
#1 D:\project\codeigniter4-framework-7c663e1\system\Database\BaseConnection.php(692): CodeIgniter\Database\MySQLi\Connection->execute('INSERT INTO `ad...')
#2 D:\project\codeigniter4-framework-7c663e1\system\Database\BaseConnection.php(606): CodeIgniter\Database\BaseConnection->simpleQuery('INSERT INTO `ad...')
#3 D:\project\codeigniter4-framework-7c663e1\system\Database\BaseBuilder.php(2309): CodeIgniter\Database\BaseConnection->query('INSERT INTO `ad...', Array, false)
#4 D:\project\codeigniter4-framework-7c663e1\system\Model.php(330): CodeIgniter\Database\BaseBuilder->insert()
#5 D:\project\codeigniter4-framework-7c663e1\system\BaseModel.php(782): CodeIgniter\Model->doInsert(Array)
#6 D:\project\codeigniter4-framework-7c663e1\system\Model.php(730): CodeIgniter\BaseModel->insert(Array, true)
#7 D:\project\codeigniter4-framework-7c663e1\app\Controllers\Home.php(37): CodeIgniter\Model->insert(Array)
#8 D:\project\codeigniter4-framework-7c663e1\system\CodeIgniter.php(932): App\Controllers\Home->registerIn()
#9 D:\project\codeigniter4-framework-7c663e1\system\CodeIgniter.php(497): CodeIgniter\CodeIgniter->runController(Object(App\Controllers\Home))
#10 D:\project\codeigniter4-framework-7c663e1\system\CodeIgniter.php(366): CodeIgniter\CodeIgniter->handleRequest(NULL, Object(Config\Cache), false)
#11 D:\project\codeigniter4-framework-7c663e1\public\index.php(67): CodeIgniter\CodeIgniter->run()
#12 D:\project\codeigniter4-framework-7c663e1\system\Commands\Server\rewrite.php(47): require_once('D:\\project\\code...')
#13 {main}
CRITICAL - 2023-08-13 14:34:28 --> Duplicate entry '' for key 'admin.PRIMARY'
in SYSTEMPATH\Database\MySQLi\Connection.php on line 295.
 1 SYSTEMPATH\Database\MySQLi\Connection.php(295): mysqli->query('INSERT INTO `admin` (`nama`, `email`, `password`) VALUES (\'fajar\', \'fajar@sd.as\', \'$2y$10$Qrb/xetA9yo/A5NsA7N3.egyKXJhU2T4rrUVnzNTmJ4Gxx2IyOUmi\')', 0)
 2 SYSTEMPATH\Database\BaseConnection.php(692): CodeIgniter\Database\MySQLi\Connection->execute('INSERT INTO `admin` (`nama`, `email`, `password`) VALUES (\'fajar\', \'fajar@sd.as\', \'$2y$10$Qrb/xetA9yo/A5NsA7N3.egyKXJhU2T4rrUVnzNTmJ4Gxx2IyOUmi\')')
 3 SYSTEMPATH\Database\BaseConnection.php(606): CodeIgniter\Database\BaseConnection->simpleQuery('INSERT INTO `admin` (`nama`, `email`, `password`) VALUES (\'fajar\', \'fajar@sd.as\', \'$2y$10$Qrb/xetA9yo/A5NsA7N3.egyKXJhU2T4rrUVnzNTmJ4Gxx2IyOUmi\')')
 4 SYSTEMPATH\Database\BaseBuilder.php(2309): CodeIgniter\Database\BaseConnection->query('INSERT INTO `admin` (`nama`, `email`, `password`) VALUES (:nama:, :email:, :password:)', [...], false)
 5 SYSTEMPATH\Model.php(330): CodeIgniter\Database\BaseBuilder->insert()
 6 SYSTEMPATH\BaseModel.php(782): CodeIgniter\Model->doInsert([...])
 7 SYSTEMPATH\Model.php(730): CodeIgniter\BaseModel->insert([...], true)
 8 APPPATH\Controllers\Home.php(37): CodeIgniter\Model->insert([...])
 9 SYSTEMPATH\CodeIgniter.php(932): App\Controllers\Home->registerIn()
10 SYSTEMPATH\CodeIgniter.php(497): CodeIgniter\CodeIgniter->runController(Object(App\Controllers\Home))
11 SYSTEMPATH\CodeIgniter.php(366): CodeIgniter\CodeIgniter->handleRequest(null, Object(Config\Cache), false)
12 FCPATH\index.php(67): CodeIgniter\CodeIgniter->run()
13 SYSTEMPATH\Commands\Server\rewrite.php(47): require_once('D:\\project\\codeigniter4-framework-7c663e1\\public\\index.php')
ERROR - 2023-08-13 14:35:20 --> mysqli_sql_exception: Duplicate entry '' for key 'admin.PRIMARY' in D:\project\codeigniter4-framework-7c663e1\system\Database\MySQLi\Connection.php:295
Stack trace:
#0 D:\project\codeigniter4-framework-7c663e1\system\Database\MySQLi\Connection.php(295): mysqli->query('INSERT INTO `ad...', 0)
#1 D:\project\codeigniter4-framework-7c663e1\system\Database\BaseConnection.php(692): CodeIgniter\Database\MySQLi\Connection->execute('INSERT INTO `ad...')
#2 D:\project\codeigniter4-framework-7c663e1\system\Database\BaseConnection.php(606): CodeIgniter\Database\BaseConnection->simpleQuery('INSERT INTO `ad...')
#3 D:\project\codeigniter4-framework-7c663e1\system\Database\BaseBuilder.php(2309): CodeIgniter\Database\BaseConnection->query('INSERT INTO `ad...', Array, false)
#4 D:\project\codeigniter4-framework-7c663e1\system\Model.php(330): CodeIgniter\Database\BaseBuilder->insert()
#5 D:\project\codeigniter4-framework-7c663e1\system\BaseModel.php(782): CodeIgniter\Model->doInsert(Array)
#6 D:\project\codeigniter4-framework-7c663e1\system\Model.php(730): CodeIgniter\BaseModel->insert(Array, true)
#7 D:\project\codeigniter4-framework-7c663e1\app\Controllers\Home.php(37): CodeIgniter\Model->insert(Array)
#8 D:\project\codeigniter4-framework-7c663e1\system\CodeIgniter.php(932): App\Controllers\Home->registerIn()
#9 D:\project\codeigniter4-framework-7c663e1\system\CodeIgniter.php(497): CodeIgniter\CodeIgniter->runController(Object(App\Controllers\Home))
#10 D:\project\codeigniter4-framework-7c663e1\system\CodeIgniter.php(366): CodeIgniter\CodeIgniter->handleRequest(NULL, Object(Config\Cache), false)
#11 D:\project\codeigniter4-framework-7c663e1\public\index.php(67): CodeIgniter\CodeIgniter->run()
#12 D:\project\codeigniter4-framework-7c663e1\system\Commands\Server\rewrite.php(47): require_once('D:\\project\\code...')
#13 {main}
CRITICAL - 2023-08-13 14:35:20 --> Duplicate entry '' for key 'admin.PRIMARY'
in SYSTEMPATH\Database\MySQLi\Connection.php on line 295.
 1 SYSTEMPATH\Database\MySQLi\Connection.php(295): mysqli->query('INSERT INTO `admin` (`nama`, `email`, `password`) VALUES (\'fajar\', \'fajar@sd.as\', \'$2y$10$lmUWo2PeC2k8GCjcxZH4guIfpvDuGbevZuemz6wa8KO6WmIM2Ajwu\')', 0)
 2 SYSTEMPATH\Database\BaseConnection.php(692): CodeIgniter\Database\MySQLi\Connection->execute('INSERT INTO `admin` (`nama`, `email`, `password`) VALUES (\'fajar\', \'fajar@sd.as\', \'$2y$10$lmUWo2PeC2k8GCjcxZH4guIfpvDuGbevZuemz6wa8KO6WmIM2Ajwu\')')
 3 SYSTEMPATH\Database\BaseConnection.php(606): CodeIgniter\Database\BaseConnection->simpleQuery('INSERT INTO `admin` (`nama`, `email`, `password`) VALUES (\'fajar\', \'fajar@sd.as\', \'$2y$10$lmUWo2PeC2k8GCjcxZH4guIfpvDuGbevZuemz6wa8KO6WmIM2Ajwu\')')
 4 SYSTEMPATH\Database\BaseBuilder.php(2309): CodeIgniter\Database\BaseConnection->query('INSERT INTO `admin` (`nama`, `email`, `password`) VALUES (:nama:, :email:, :password:)', [...], false)
 5 SYSTEMPATH\Model.php(330): CodeIgniter\Database\BaseBuilder->insert()
 6 SYSTEMPATH\BaseModel.php(782): CodeIgniter\Model->doInsert([...])
 7 SYSTEMPATH\Model.php(730): CodeIgniter\BaseModel->insert([...], true)
 8 APPPATH\Controllers\Home.php(37): CodeIgniter\Model->insert([...])
 9 SYSTEMPATH\CodeIgniter.php(932): App\Controllers\Home->registerIn()
10 SYSTEMPATH\CodeIgniter.php(497): CodeIgniter\CodeIgniter->runController(Object(App\Controllers\Home))
11 SYSTEMPATH\CodeIgniter.php(366): CodeIgniter\CodeIgniter->handleRequest(null, Object(Config\Cache), false)
12 FCPATH\index.php(67): CodeIgniter\CodeIgniter->run()
13 SYSTEMPATH\Commands\Server\rewrite.php(47): require_once('D:\\project\\codeigniter4-framework-7c663e1\\public\\index.php')
ERROR - 2023-08-13 14:37:25 --> mysqli_sql_exception: Duplicate entry '' for key 'admin.PRIMARY' in D:\project\codeigniter4-framework-7c663e1\system\Database\MySQLi\Connection.php:295
Stack trace:
#0 D:\project\codeigniter4-framework-7c663e1\system\Database\MySQLi\Connection.php(295): mysqli->query('INSERT INTO `ad...', 0)
#1 D:\project\codeigniter4-framework-7c663e1\system\Database\BaseConnection.php(692): CodeIgniter\Database\MySQLi\Connection->execute('INSERT INTO `ad...')
#2 D:\project\codeigniter4-framework-7c663e1\system\Database\BaseConnection.php(606): CodeIgniter\Database\BaseConnection->simpleQuery('INSERT INTO `ad...')
#3 D:\project\codeigniter4-framework-7c663e1\system\Database\BaseBuilder.php(2309): CodeIgniter\Database\BaseConnection->query('INSERT INTO `ad...', Array, false)
#4 D:\project\codeigniter4-framework-7c663e1\system\Model.php(330): CodeIgniter\Database\BaseBuilder->insert()
#5 D:\project\codeigniter4-framework-7c663e1\system\BaseModel.php(782): CodeIgniter\Model->doInsert(Array)
#6 D:\project\codeigniter4-framework-7c663e1\system\Model.php(730): CodeIgniter\BaseModel->insert(Array, true)
#7 D:\project\codeigniter4-framework-7c663e1\app\Controllers\Home.php(36): CodeIgniter\Model->insert(Array)
#8 D:\project\codeigniter4-framework-7c663e1\system\CodeIgniter.php(932): App\Controllers\Home->registerIn()
#9 D:\project\codeigniter4-framework-7c663e1\system\CodeIgniter.php(497): CodeIgniter\CodeIgniter->runController(Object(App\Controllers\Home))
#10 D:\project\codeigniter4-framework-7c663e1\system\CodeIgniter.php(366): CodeIgniter\CodeIgniter->handleRequest(NULL, Object(Config\Cache), false)
#11 D:\project\codeigniter4-framework-7c663e1\public\index.php(67): CodeIgniter\CodeIgniter->run()
#12 D:\project\codeigniter4-framework-7c663e1\system\Commands\Server\rewrite.php(47): require_once('D:\\project\\code...')
#13 {main}
CRITICAL - 2023-08-13 14:37:25 --> Duplicate entry '' for key 'admin.PRIMARY'
in SYSTEMPATH\Database\MySQLi\Connection.php on line 295.
 1 SYSTEMPATH\Database\MySQLi\Connection.php(295): mysqli->query('INSERT INTO `admin` (`nama`, `email`, `password`) VALUES (\'fajar\', \'fajar@sd.as\', \'$2y$10$IJqEUpKpLLdzGw1vwQr3m.srlWTi5QdY/qi2u78KRt6b1jRjp5msa\')', 0)
 2 SYSTEMPATH\Database\BaseConnection.php(692): CodeIgniter\Database\MySQLi\Connection->execute('INSERT INTO `admin` (`nama`, `email`, `password`) VALUES (\'fajar\', \'fajar@sd.as\', \'$2y$10$IJqEUpKpLLdzGw1vwQr3m.srlWTi5QdY/qi2u78KRt6b1jRjp5msa\')')
 3 SYSTEMPATH\Database\BaseConnection.php(606): CodeIgniter\Database\BaseConnection->simpleQuery('INSERT INTO `admin` (`nama`, `email`, `password`) VALUES (\'fajar\', \'fajar@sd.as\', \'$2y$10$IJqEUpKpLLdzGw1vwQr3m.srlWTi5QdY/qi2u78KRt6b1jRjp5msa\')')
 4 SYSTEMPATH\Database\BaseBuilder.php(2309): CodeIgniter\Database\BaseConnection->query('INSERT INTO `admin` (`nama`, `email`, `password`) VALUES (:nama:, :email:, :password:)', [...], false)
 5 SYSTEMPATH\Model.php(330): CodeIgniter\Database\BaseBuilder->insert()
 6 SYSTEMPATH\BaseModel.php(782): CodeIgniter\Model->doInsert([...])
 7 SYSTEMPATH\Model.php(730): CodeIgniter\BaseModel->insert([...], true)
 8 APPPATH\Controllers\Home.php(36): CodeIgniter\Model->insert([...])
 9 SYSTEMPATH\CodeIgniter.php(932): App\Controllers\Home->registerIn()
10 SYSTEMPATH\CodeIgniter.php(497): CodeIgniter\CodeIgniter->runController(Object(App\Controllers\Home))
11 SYSTEMPATH\CodeIgniter.php(366): CodeIgniter\CodeIgniter->handleRequest(null, Object(Config\Cache), false)
12 FCPATH\index.php(67): CodeIgniter\CodeIgniter->run()
13 SYSTEMPATH\Commands\Server\rewrite.php(47): require_once('D:\\project\\codeigniter4-framework-7c663e1\\public\\index.php')
ERROR - 2023-08-13 14:38:11 --> mysqli_sql_exception: Duplicate entry '' for key 'admin.PRIMARY' in D:\project\codeigniter4-framework-7c663e1\system\Database\MySQLi\Connection.php:295
Stack trace:
#0 D:\project\codeigniter4-framework-7c663e1\system\Database\MySQLi\Connection.php(295): mysqli->query('INSERT INTO `ad...', 0)
#1 D:\project\codeigniter4-framework-7c663e1\system\Database\BaseConnection.php(692): CodeIgniter\Database\MySQLi\Connection->execute('INSERT INTO `ad...')
#2 D:\project\codeigniter4-framework-7c663e1\system\Database\BaseConnection.php(606): CodeIgniter\Database\BaseConnection->simpleQuery('INSERT INTO `ad...')
#3 D:\project\codeigniter4-framework-7c663e1\system\Database\BaseBuilder.php(2309): CodeIgniter\Database\BaseConnection->query('INSERT INTO `ad...', Array, false)
#4 D:\project\codeigniter4-framework-7c663e1\system\Model.php(330): CodeIgniter\Database\BaseBuilder->insert()
#5 D:\project\codeigniter4-framework-7c663e1\system\BaseModel.php(782): CodeIgniter\Model->doInsert(Array)
#6 D:\project\codeigniter4-framework-7c663e1\system\Model.php(730): CodeIgniter\BaseModel->insert(Array, true)
#7 D:\project\codeigniter4-framework-7c663e1\app\Controllers\Home.php(34): CodeIgniter\Model->insert(Array)
#8 D:\project\codeigniter4-framework-7c663e1\system\CodeIgniter.php(932): App\Controllers\Home->registerIn()
#9 D:\project\codeigniter4-framework-7c663e1\system\CodeIgniter.php(497): CodeIgniter\CodeIgniter->runController(Object(App\Controllers\Home))
#10 D:\project\codeigniter4-framework-7c663e1\system\CodeIgniter.php(366): CodeIgniter\CodeIgniter->handleRequest(NULL, Object(Config\Cache), false)
#11 D:\project\codeigniter4-framework-7c663e1\public\index.php(67): CodeIgniter\CodeIgniter->run()
#12 D:\project\codeigniter4-framework-7c663e1\system\Commands\Server\rewrite.php(47): require_once('D:\\project\\code...')
#13 {main}
CRITICAL - 2023-08-13 14:38:11 --> Duplicate entry '' for key 'admin.PRIMARY'
in SYSTEMPATH\Database\MySQLi\Connection.php on line 295.
 1 SYSTEMPATH\Database\MySQLi\Connection.php(295): mysqli->query('INSERT INTO `admin` (`nama`, `email`, `password`) VALUES (\'fajar\', \'fajar@sd.as\', \'$2y$10$oFyTVlgyWcBlY.M7CWYsP.L1X8VjbAJ5YRoJ2IOQbfebA/O6W8GKO\')', 0)
 2 SYSTEMPATH\Database\BaseConnection.php(692): CodeIgniter\Database\MySQLi\Connection->execute('INSERT INTO `admin` (`nama`, `email`, `password`) VALUES (\'fajar\', \'fajar@sd.as\', \'$2y$10$oFyTVlgyWcBlY.M7CWYsP.L1X8VjbAJ5YRoJ2IOQbfebA/O6W8GKO\')')
 3 SYSTEMPATH\Database\BaseConnection.php(606): CodeIgniter\Database\BaseConnection->simpleQuery('INSERT INTO `admin` (`nama`, `email`, `password`) VALUES (\'fajar\', \'fajar@sd.as\', \'$2y$10$oFyTVlgyWcBlY.M7CWYsP.L1X8VjbAJ5YRoJ2IOQbfebA/O6W8GKO\')')
 4 SYSTEMPATH\Database\BaseBuilder.php(2309): CodeIgniter\Database\BaseConnection->query('INSERT INTO `admin` (`nama`, `email`, `password`) VALUES (:nama:, :email:, :password:)', [...], false)
 5 SYSTEMPATH\Model.php(330): CodeIgniter\Database\BaseBuilder->insert()
 6 SYSTEMPATH\BaseModel.php(782): CodeIgniter\Model->doInsert([...])
 7 SYSTEMPATH\Model.php(730): CodeIgniter\BaseModel->insert([...], true)
 8 APPPATH\Controllers\Home.php(34): CodeIgniter\Model->insert([...])
 9 SYSTEMPATH\CodeIgniter.php(932): App\Controllers\Home->registerIn()
10 SYSTEMPATH\CodeIgniter.php(497): CodeIgniter\CodeIgniter->runController(Object(App\Controllers\Home))
11 SYSTEMPATH\CodeIgniter.php(366): CodeIgniter\CodeIgniter->handleRequest(null, Object(Config\Cache), false)
12 FCPATH\index.php(67): CodeIgniter\CodeIgniter->run()
13 SYSTEMPATH\Commands\Server\rewrite.php(47): require_once('D:\\project\\codeigniter4-framework-7c663e1\\public\\index.php')
ERROR - 2023-08-13 14:38:51 --> mysqli_sql_exception: Duplicate entry '' for key 'admin.PRIMARY' in D:\project\codeigniter4-framework-7c663e1\system\Database\MySQLi\Connection.php:295
Stack trace:
#0 D:\project\codeigniter4-framework-7c663e1\system\Database\MySQLi\Connection.php(295): mysqli->query('INSERT INTO `ad...', 0)
#1 D:\project\codeigniter4-framework-7c663e1\system\Database\BaseConnection.php(692): CodeIgniter\Database\MySQLi\Connection->execute('INSERT INTO `ad...')
#2 D:\project\codeigniter4-framework-7c663e1\system\Database\BaseConnection.php(606): CodeIgniter\Database\BaseConnection->simpleQuery('INSERT INTO `ad...')
#3 D:\project\codeigniter4-framework-7c663e1\system\Database\BaseBuilder.php(2309): CodeIgniter\Database\BaseConnection->query('INSERT INTO `ad...', Array, false)
#4 D:\project\codeigniter4-framework-7c663e1\system\Model.php(330): CodeIgniter\Database\BaseBuilder->insert()
#5 D:\project\codeigniter4-framework-7c663e1\system\BaseModel.php(782): CodeIgniter\Model->doInsert(Array)
#6 D:\project\codeigniter4-framework-7c663e1\system\Model.php(730): CodeIgniter\BaseModel->insert(Array, true)
#7 D:\project\codeigniter4-framework-7c663e1\app\Controllers\Home.php(35): CodeIgniter\Model->insert(Array)
#8 D:\project\codeigniter4-framework-7c663e1\system\CodeIgniter.php(932): App\Controllers\Home->registerIn()
#9 D:\project\codeigniter4-framework-7c663e1\system\CodeIgniter.php(497): CodeIgniter\CodeIgniter->runController(Object(App\Controllers\Home))
#10 D:\project\codeigniter4-framework-7c663e1\system\CodeIgniter.php(366): CodeIgniter\CodeIgniter->handleRequest(NULL, Object(Config\Cache), false)
#11 D:\project\codeigniter4-framework-7c663e1\public\index.php(67): CodeIgniter\CodeIgniter->run()
#12 D:\project\codeigniter4-framework-7c663e1\system\Commands\Server\rewrite.php(47): require_once('D:\\project\\code...')
#13 {main}
CRITICAL - 2023-08-13 14:38:51 --> Duplicate entry '' for key 'admin.PRIMARY'
in SYSTEMPATH\Database\MySQLi\Connection.php on line 295.
 1 SYSTEMPATH\Database\MySQLi\Connection.php(295): mysqli->query('INSERT INTO `admin` (`nama`, `email`, `password`) VALUES (\'fajar\', \'fajar@sd.as\', \'$2y$10$jXGfVDQj5b8xX9PkIHhC1O8DLJ6nfFlvWANqI8jLHyaFGpSMD74b6\')', 0)
 2 SYSTEMPATH\Database\BaseConnection.php(692): CodeIgniter\Database\MySQLi\Connection->execute('INSERT INTO `admin` (`nama`, `email`, `password`) VALUES (\'fajar\', \'fajar@sd.as\', \'$2y$10$jXGfVDQj5b8xX9PkIHhC1O8DLJ6nfFlvWANqI8jLHyaFGpSMD74b6\')')
 3 SYSTEMPATH\Database\BaseConnection.php(606): CodeIgniter\Database\BaseConnection->simpleQuery('INSERT INTO `admin` (`nama`, `email`, `password`) VALUES (\'fajar\', \'fajar@sd.as\', \'$2y$10$jXGfVDQj5b8xX9PkIHhC1O8DLJ6nfFlvWANqI8jLHyaFGpSMD74b6\')')
 4 SYSTEMPATH\Database\BaseBuilder.php(2309): CodeIgniter\Database\BaseConnection->query('INSERT INTO `admin` (`nama`, `email`, `password`) VALUES (:nama:, :email:, :password:)', [...], false)
 5 SYSTEMPATH\Model.php(330): CodeIgniter\Database\BaseBuilder->insert()
 6 SYSTEMPATH\BaseModel.php(782): CodeIgniter\Model->doInsert([...])
 7 SYSTEMPATH\Model.php(730): CodeIgniter\BaseModel->insert([...], true)
 8 APPPATH\Controllers\Home.php(35): CodeIgniter\Model->insert([...])
 9 SYSTEMPATH\CodeIgniter.php(932): App\Controllers\Home->registerIn()
10 SYSTEMPATH\CodeIgniter.php(497): CodeIgniter\CodeIgniter->runController(Object(App\Controllers\Home))
11 SYSTEMPATH\CodeIgniter.php(366): CodeIgniter\CodeIgniter->handleRequest(null, Object(Config\Cache), false)
12 FCPATH\index.php(67): CodeIgniter\CodeIgniter->run()
13 SYSTEMPATH\Commands\Server\rewrite.php(47): require_once('D:\\project\\codeigniter4-framework-7c663e1\\public\\index.php')
ERROR - 2023-08-13 14:39:07 --> mysqli_sql_exception: Duplicate entry '' for key 'admin.PRIMARY' in D:\project\codeigniter4-framework-7c663e1\system\Database\MySQLi\Connection.php:295
Stack trace:
#0 D:\project\codeigniter4-framework-7c663e1\system\Database\MySQLi\Connection.php(295): mysqli->query('INSERT INTO `ad...', 0)
#1 D:\project\codeigniter4-framework-7c663e1\system\Database\BaseConnection.php(692): CodeIgniter\Database\MySQLi\Connection->execute('INSERT INTO `ad...')
#2 D:\project\codeigniter4-framework-7c663e1\system\Database\BaseConnection.php(606): CodeIgniter\Database\BaseConnection->simpleQuery('INSERT INTO `ad...')
#3 D:\project\codeigniter4-framework-7c663e1\system\Database\BaseBuilder.php(2309): CodeIgniter\Database\BaseConnection->query('INSERT INTO `ad...', Array, false)
#4 D:\project\codeigniter4-framework-7c663e1\system\Model.php(330): CodeIgniter\Database\BaseBuilder->insert()
#5 D:\project\codeigniter4-framework-7c663e1\system\BaseModel.php(782): CodeIgniter\Model->doInsert(Array)
#6 D:\project\codeigniter4-framework-7c663e1\system\Model.php(730): CodeIgniter\BaseModel->insert(Array, true)
#7 D:\project\codeigniter4-framework-7c663e1\app\Controllers\Home.php(35): CodeIgniter\Model->insert(Array)
#8 D:\project\codeigniter4-framework-7c663e1\system\CodeIgniter.php(932): App\Controllers\Home->registerIn()
#9 D:\project\codeigniter4-framework-7c663e1\system\CodeIgniter.php(497): CodeIgniter\CodeIgniter->runController(Object(App\Controllers\Home))
#10 D:\project\codeigniter4-framework-7c663e1\system\CodeIgniter.php(366): CodeIgniter\CodeIgniter->handleRequest(NULL, Object(Config\Cache), false)
#11 D:\project\codeigniter4-framework-7c663e1\public\index.php(67): CodeIgniter\CodeIgniter->run()
#12 D:\project\codeigniter4-framework-7c663e1\system\Commands\Server\rewrite.php(47): require_once('D:\\project\\code...')
#13 {main}
CRITICAL - 2023-08-13 14:39:07 --> Duplicate entry '' for key 'admin.PRIMARY'
in SYSTEMPATH\Database\MySQLi\Connection.php on line 295.
 1 SYSTEMPATH\Database\MySQLi\Connection.php(295): mysqli->query('INSERT INTO `admin` (`nama`, `email`, `password`) VALUES (\'fajar\', \'fajar@sd.as\', \'$2y$10$O4FGLr3afMFNEzrCh7ct4.4m3geMPVHZkam2Ryq19og/642dRrKTK\')', 0)
 2 SYSTEMPATH\Database\BaseConnection.php(692): CodeIgniter\Database\MySQLi\Connection->execute('INSERT INTO `admin` (`nama`, `email`, `password`) VALUES (\'fajar\', \'fajar@sd.as\', \'$2y$10$O4FGLr3afMFNEzrCh7ct4.4m3geMPVHZkam2Ryq19og/642dRrKTK\')')
 3 SYSTEMPATH\Database\BaseConnection.php(606): CodeIgniter\Database\BaseConnection->simpleQuery('INSERT INTO `admin` (`nama`, `email`, `password`) VALUES (\'fajar\', \'fajar@sd.as\', \'$2y$10$O4FGLr3afMFNEzrCh7ct4.4m3geMPVHZkam2Ryq19og/642dRrKTK\')')
 4 SYSTEMPATH\Database\BaseBuilder.php(2309): CodeIgniter\Database\BaseConnection->query('INSERT INTO `admin` (`nama`, `email`, `password`) VALUES (:nama:, :email:, :password:)', [...], false)
 5 SYSTEMPATH\Model.php(330): CodeIgniter\Database\BaseBuilder->insert()
 6 SYSTEMPATH\BaseModel.php(782): CodeIgniter\Model->doInsert([...])
 7 SYSTEMPATH\Model.php(730): CodeIgniter\BaseModel->insert([...], true)
 8 APPPATH\Controllers\Home.php(35): CodeIgniter\Model->insert([...])
 9 SYSTEMPATH\CodeIgniter.php(932): App\Controllers\Home->registerIn()
10 SYSTEMPATH\CodeIgniter.php(497): CodeIgniter\CodeIgniter->runController(Object(App\Controllers\Home))
11 SYSTEMPATH\CodeIgniter.php(366): CodeIgniter\CodeIgniter->handleRequest(null, Object(Config\Cache), false)
12 FCPATH\index.php(67): CodeIgniter\CodeIgniter->run()
13 SYSTEMPATH\Commands\Server\rewrite.php(47): require_once('D:\\project\\codeigniter4-framework-7c663e1\\public\\index.php')
ERROR - 2023-08-13 14:39:28 --> mysqli_sql_exception: Duplicate entry '' for key 'admin.PRIMARY' in D:\project\codeigniter4-framework-7c663e1\system\Database\MySQLi\Connection.php:295
Stack trace:
#0 D:\project\codeigniter4-framework-7c663e1\system\Database\MySQLi\Connection.php(295): mysqli->query('INSERT INTO `ad...', 0)
#1 D:\project\codeigniter4-framework-7c663e1\system\Database\BaseConnection.php(692): CodeIgniter\Database\MySQLi\Connection->execute('INSERT INTO `ad...')
#2 D:\project\codeigniter4-framework-7c663e1\system\Database\BaseConnection.php(606): CodeIgniter\Database\BaseConnection->simpleQuery('INSERT INTO `ad...')
#3 D:\project\codeigniter4-framework-7c663e1\system\Database\BaseBuilder.php(2309): CodeIgniter\Database\BaseConnection->query('INSERT INTO `ad...', Array, false)
#4 D:\project\codeigniter4-framework-7c663e1\system\Model.php(330): CodeIgniter\Database\BaseBuilder->insert()
#5 D:\project\codeigniter4-framework-7c663e1\system\BaseModel.php(782): CodeIgniter\Model->doInsert(Array)
#6 D:\project\codeigniter4-framework-7c663e1\system\Model.php(730): CodeIgniter\BaseModel->insert(Array, true)
#7 D:\project\codeigniter4-framework-7c663e1\app\Controllers\Home.php(34): CodeIgniter\Model->insert(Array)
#8 D:\project\codeigniter4-framework-7c663e1\system\CodeIgniter.php(932): App\Controllers\Home->registerIn()
#9 D:\project\codeigniter4-framework-7c663e1\system\CodeIgniter.php(497): CodeIgniter\CodeIgniter->runController(Object(App\Controllers\Home))
#10 D:\project\codeigniter4-framework-7c663e1\system\CodeIgniter.php(366): CodeIgniter\CodeIgniter->handleRequest(NULL, Object(Config\Cache), false)
#11 D:\project\codeigniter4-framework-7c663e1\public\index.php(67): CodeIgniter\CodeIgniter->run()
#12 D:\project\codeigniter4-framework-7c663e1\system\Commands\Server\rewrite.php(47): require_once('D:\\project\\code...')
#13 {main}
CRITICAL - 2023-08-13 14:39:28 --> Duplicate entry '' for key 'admin.PRIMARY'
in SYSTEMPATH\Database\MySQLi\Connection.php on line 295.
 1 SYSTEMPATH\Database\MySQLi\Connection.php(295): mysqli->query('INSERT INTO `admin` (`nama`, `email`, `password`) VALUES (\'fajar\', \'fajar@sd.as\', \'$2y$10$R/WtgpxhdNK5GxMPsBKf3uoQRScc42NhKFbwkuN7iAXE8gltDTn7e\')', 0)
 2 SYSTEMPATH\Database\BaseConnection.php(692): CodeIgniter\Database\MySQLi\Connection->execute('INSERT INTO `admin` (`nama`, `email`, `password`) VALUES (\'fajar\', \'fajar@sd.as\', \'$2y$10$R/WtgpxhdNK5GxMPsBKf3uoQRScc42NhKFbwkuN7iAXE8gltDTn7e\')')
 3 SYSTEMPATH\Database\BaseConnection.php(606): CodeIgniter\Database\BaseConnection->simpleQuery('INSERT INTO `admin` (`nama`, `email`, `password`) VALUES (\'fajar\', \'fajar@sd.as\', \'$2y$10$R/WtgpxhdNK5GxMPsBKf3uoQRScc42NhKFbwkuN7iAXE8gltDTn7e\')')
 4 SYSTEMPATH\Database\BaseBuilder.php(2309): CodeIgniter\Database\BaseConnection->query('INSERT INTO `admin` (`nama`, `email`, `password`) VALUES (:nama:, :email:, :password:)', [...], false)
 5 SYSTEMPATH\Model.php(330): CodeIgniter\Database\BaseBuilder->insert()
 6 SYSTEMPATH\BaseModel.php(782): CodeIgniter\Model->doInsert([...])
 7 SYSTEMPATH\Model.php(730): CodeIgniter\BaseModel->insert([...], true)
 8 APPPATH\Controllers\Home.php(34): CodeIgniter\Model->insert([...])
 9 SYSTEMPATH\CodeIgniter.php(932): App\Controllers\Home->registerIn()
10 SYSTEMPATH\CodeIgniter.php(497): CodeIgniter\CodeIgniter->runController(Object(App\Controllers\Home))
11 SYSTEMPATH\CodeIgniter.php(366): CodeIgniter\CodeIgniter->handleRequest(null, Object(Config\Cache), false)
12 FCPATH\index.php(67): CodeIgniter\CodeIgniter->run()
13 SYSTEMPATH\Commands\Server\rewrite.php(47): require_once('D:\\project\\codeigniter4-framework-7c663e1\\public\\index.php')
CRITICAL - 2023-08-13 15:25:40 --> The route for "/dashboard" cannot be found.
in SYSTEMPATH\HTTP\RedirectResponse.php on line 60.
 1 SYSTEMPATH\HTTP\RedirectResponse.php(60): CodeIgniter\HTTP\Exceptions\HTTPException::forInvalidRedirectRoute('/dashboard')
 2 SYSTEMPATH\Common.php(876): CodeIgniter\HTTP\RedirectResponse->route(false)
 3 APPPATH\Controllers\Home.php(53): redirect('/dashboard')
 4 SYSTEMPATH\CodeIgniter.php(932): App\Controllers\Home->login()
 5 SYSTEMPATH\CodeIgniter.php(497): CodeIgniter\CodeIgniter->runController(Object(App\Controllers\Home))
 6 SYSTEMPATH\CodeIgniter.php(366): CodeIgniter\CodeIgniter->handleRequest(null, Object(Config\Cache), false)
 7 FCPATH\index.php(67): CodeIgniter\CodeIgniter->run()
 8 SYSTEMPATH\Commands\Server\rewrite.php(47): require_once('D:\\project\\codeigniter4-framework-7c663e1\\public\\index.php')
CRITICAL - 2023-08-13 15:27:09 --> include(./../header.php): Failed to open stream: No such file or directory
in APPPATH\Views\dashboard\dashboard.php on line 2.
 1 APPPATH\Views\dashboard\dashboard.php(2): CodeIgniter\Debug\Exceptions->errorHandler(2, 'include(./../header.php): Failed to open stream: No such file or directory', 'D:\\project\\codeigniter4-framework-7c663e1\\app\\Views\\dashboard\\dashboard.php', 2)
 2 APPPATH\Views\dashboard\dashboard.php(2): include()
 3 SYSTEMPATH\View\View.php(224): include('D:\\project\\codeigniter4-framework-7c663e1\\app\\Views\\dashboard\\dashboard.php')
 4 SYSTEMPATH\View\View.php(227): CodeIgniter\View\View->CodeIgniter\View\{closure}()
 5 SYSTEMPATH\Common.php(1176): CodeIgniter\View\View->render('dashboard/dashboard.php', [], true)
 6 APPPATH\Controllers\Home.php(57): view('dashboard/dashboard.php')
 7 SYSTEMPATH\CodeIgniter.php(932): App\Controllers\Home->dashboard()
 8 SYSTEMPATH\CodeIgniter.php(497): CodeIgniter\CodeIgniter->runController(Object(App\Controllers\Home))
 9 SYSTEMPATH\CodeIgniter.php(366): CodeIgniter\CodeIgniter->handleRequest(null, Object(Config\Cache), false)
10 FCPATH\index.php(67): CodeIgniter\CodeIgniter->run()
11 SYSTEMPATH\Commands\Server\rewrite.php(47): require_once('D:\\project\\codeigniter4-framework-7c663e1\\public\\index.php')
CRITICAL - 2023-08-13 15:27:10 --> include(./../header.php): Failed to open stream: No such file or directory
in APPPATH\Views\dashboard\dashboard.php on line 2.
 1 APPPATH\Views\dashboard\dashboard.php(2): CodeIgniter\Debug\Exceptions->errorHandler(2, 'include(./../header.php): Failed to open stream: No such file or directory', 'D:\\project\\codeigniter4-framework-7c663e1\\app\\Views\\dashboard\\dashboard.php', 2)
 2 APPPATH\Views\dashboard\dashboard.php(2): include()
 3 SYSTEMPATH\View\View.php(224): include('D:\\project\\codeigniter4-framework-7c663e1\\app\\Views\\dashboard\\dashboard.php')
 4 SYSTEMPATH\View\View.php(227): CodeIgniter\View\View->CodeIgniter\View\{closure}()
 5 SYSTEMPATH\Common.php(1176): CodeIgniter\View\View->render('dashboard/dashboard.php', [], true)
 6 APPPATH\Controllers\Home.php(57): view('dashboard/dashboard.php')
 7 SYSTEMPATH\CodeIgniter.php(932): App\Controllers\Home->dashboard()
 8 SYSTEMPATH\CodeIgniter.php(497): CodeIgniter\CodeIgniter->runController(Object(App\Controllers\Home))
 9 SYSTEMPATH\CodeIgniter.php(366): CodeIgniter\CodeIgniter->handleRequest(null, Object(Config\Cache), false)
10 FCPATH\index.php(67): CodeIgniter\CodeIgniter->run()
11 SYSTEMPATH\Commands\Server\rewrite.php(47): require_once('D:\\project\\codeigniter4-framework-7c663e1\\public\\index.php')
CRITICAL - 2023-08-13 15:27:54 --> include(./../header.php): Failed to open stream: No such file or directory
in APPPATH\Views\dashboard\dashboard.php on line 2.
 1 APPPATH\Views\dashboard\dashboard.php(2): CodeIgniter\Debug\Exceptions->errorHandler(2, 'include(./../header.php): Failed to open stream: No such file or directory', 'D:\\project\\codeigniter4-framework-7c663e1\\app\\Views\\dashboard\\dashboard.php', 2)
 2 APPPATH\Views\dashboard\dashboard.php(2): include()
 3 SYSTEMPATH\View\View.php(224): include('D:\\project\\codeigniter4-framework-7c663e1\\app\\Views\\dashboard\\dashboard.php')
 4 SYSTEMPATH\View\View.php(227): CodeIgniter\View\View->CodeIgniter\View\{closure}()
 5 SYSTEMPATH\Common.php(1176): CodeIgniter\View\View->render('dashboard/dashboard.php', [], true)
 6 APPPATH\Controllers\Home.php(58): view('dashboard/dashboard.php')
 7 SYSTEMPATH\CodeIgniter.php(932): App\Controllers\Home->dashboard()
 8 SYSTEMPATH\CodeIgniter.php(497): CodeIgniter\CodeIgniter->runController(Object(App\Controllers\Home))
 9 SYSTEMPATH\CodeIgniter.php(366): CodeIgniter\CodeIgniter->handleRequest(null, Object(Config\Cache), false)
10 FCPATH\index.php(67): CodeIgniter\CodeIgniter->run()
11 SYSTEMPATH\Commands\Server\rewrite.php(47): require_once('D:\\project\\codeigniter4-framework-7c663e1\\public\\index.php')
CRITICAL - 2023-08-13 15:28:25 --> include(./../header.php): Failed to open stream: No such file or directory
in APPPATH\Views\dashboard\dashboard.php on line 2.
 1 APPPATH\Views\dashboard\dashboard.php(2): CodeIgniter\Debug\Exceptions->errorHandler(2, 'include(./../header.php): Failed to open stream: No such file or directory', 'D:\\project\\codeigniter4-framework-7c663e1\\app\\Views\\dashboard\\dashboard.php', 2)
 2 APPPATH\Views\dashboard\dashboard.php(2): include()
 3 SYSTEMPATH\View\View.php(224): include('D:\\project\\codeigniter4-framework-7c663e1\\app\\Views\\dashboard\\dashboard.php')
 4 SYSTEMPATH\View\View.php(227): CodeIgniter\View\View->CodeIgniter\View\{closure}()
 5 SYSTEMPATH\Common.php(1176): CodeIgniter\View\View->render('dashboard/dashboard.php', [], true)
 6 APPPATH\Controllers\Home.php(58): view('dashboard/dashboard.php')
 7 SYSTEMPATH\CodeIgniter.php(932): App\Controllers\Home->dashboard()
 8 SYSTEMPATH\CodeIgniter.php(497): CodeIgniter\CodeIgniter->runController(Object(App\Controllers\Home))
 9 SYSTEMPATH\CodeIgniter.php(366): CodeIgniter\CodeIgniter->handleRequest(null, Object(Config\Cache), false)
10 FCPATH\index.php(67): CodeIgniter\CodeIgniter->run()
11 SYSTEMPATH\Commands\Server\rewrite.php(47): require_once('D:\\project\\codeigniter4-framework-7c663e1\\public\\index.php')
CRITICAL - 2023-08-13 15:28:40 --> include(./../header.php): Failed to open stream: No such file or directory
in APPPATH\Views\dashboard\dashboard.php on line 2.
 1 APPPATH\Views\dashboard\dashboard.php(2): CodeIgniter\Debug\Exceptions->errorHandler(2, 'include(./../header.php): Failed to open stream: No such file or directory', 'D:\\project\\codeigniter4-framework-7c663e1\\app\\Views\\dashboard\\dashboard.php', 2)
 2 APPPATH\Views\dashboard\dashboard.php(2): include()
 3 SYSTEMPATH\View\View.php(224): include('D:\\project\\codeigniter4-framework-7c663e1\\app\\Views\\dashboard\\dashboard.php')
 4 SYSTEMPATH\View\View.php(227): CodeIgniter\View\View->CodeIgniter\View\{closure}()
 5 SYSTEMPATH\Common.php(1176): CodeIgniter\View\View->render('dashboard/dashboard.php', [], true)
 6 APPPATH\Controllers\Home.php(58): view('dashboard/dashboard.php')
 7 SYSTEMPATH\CodeIgniter.php(932): App\Controllers\Home->dashboard()
 8 SYSTEMPATH\CodeIgniter.php(497): CodeIgniter\CodeIgniter->runController(Object(App\Controllers\Home))
 9 SYSTEMPATH\CodeIgniter.php(366): CodeIgniter\CodeIgniter->handleRequest(null, Object(Config\Cache), false)
10 FCPATH\index.php(67): CodeIgniter\CodeIgniter->run()
11 SYSTEMPATH\Commands\Server\rewrite.php(47): require_once('D:\\project\\codeigniter4-framework-7c663e1\\public\\index.php')
CRITICAL - 2023-08-13 15:29:25 --> include(./../header.php): Failed to open stream: No such file or directory
in APPPATH\Views\dashboard\dashboard.php on line 2.
 1 APPPATH\Views\dashboard\dashboard.php(2): CodeIgniter\Debug\Exceptions->errorHandler(2, 'include(./../header.php): Failed to open stream: No such file or directory', 'D:\\project\\codeigniter4-framework-7c663e1\\app\\Views\\dashboard\\dashboard.php', 2)
 2 APPPATH\Views\dashboard\dashboard.php(2): include()
 3 SYSTEMPATH\View\View.php(224): include('D:\\project\\codeigniter4-framework-7c663e1\\app\\Views\\dashboard\\dashboard.php')
 4 SYSTEMPATH\View\View.php(227): CodeIgniter\View\View->CodeIgniter\View\{closure}()
 5 SYSTEMPATH\Common.php(1176): CodeIgniter\View\View->render('dashboard/dashboard.php', [], true)
 6 APPPATH\Controllers\Home.php(58): view('dashboard/dashboard.php')
 7 SYSTEMPATH\CodeIgniter.php(932): App\Controllers\Home->dashboard()
 8 SYSTEMPATH\CodeIgniter.php(497): CodeIgniter\CodeIgniter->runController(Object(App\Controllers\Home))
 9 SYSTEMPATH\CodeIgniter.php(366): CodeIgniter\CodeIgniter->handleRequest(null, Object(Config\Cache), false)
10 FCPATH\index.php(67): CodeIgniter\CodeIgniter->run()
11 SYSTEMPATH\Commands\Server\rewrite.php(47): require_once('D:\\project\\codeigniter4-framework-7c663e1\\public\\index.php')
CRITICAL - 2023-08-13 15:30:34 --> include(./../header.php): Failed to open stream: No such file or directory
in APPPATH\Views\dashboard\dashboard.php on line 2.
 1 APPPATH\Views\dashboard\dashboard.php(2): CodeIgniter\Debug\Exceptions->errorHandler(2, 'include(./../header.php): Failed to open stream: No such file or directory', 'D:\\project\\codeigniter4-framework-7c663e1\\app\\Views\\dashboard\\dashboard.php', 2)
 2 APPPATH\Views\dashboard\dashboard.php(2): include()
 3 SYSTEMPATH\View\View.php(224): include('D:\\project\\codeigniter4-framework-7c663e1\\app\\Views\\dashboard\\dashboard.php')
 4 SYSTEMPATH\View\View.php(227): CodeIgniter\View\View->CodeIgniter\View\{closure}()
 5 SYSTEMPATH\Common.php(1176): CodeIgniter\View\View->render('dashboard/dashboard.php', [], true)
 6 APPPATH\Controllers\Home.php(58): view('dashboard/dashboard.php')
 7 SYSTEMPATH\CodeIgniter.php(932): App\Controllers\Home->dashboard()
 8 SYSTEMPATH\CodeIgniter.php(497): CodeIgniter\CodeIgniter->runController(Object(App\Controllers\Home))
 9 SYSTEMPATH\CodeIgniter.php(366): CodeIgniter\CodeIgniter->handleRequest(null, Object(Config\Cache), false)
10 FCPATH\index.php(67): CodeIgniter\CodeIgniter->run()
11 SYSTEMPATH\Commands\Server\rewrite.php(47): require_once('D:\\project\\codeigniter4-framework-7c663e1\\public\\index.php')
CRITICAL - 2023-08-13 15:30:36 --> include(./../header.php): Failed to open stream: No such file or directory
in APPPATH\Views\dashboard\dashboard.php on line 2.
 1 APPPATH\Views\dashboard\dashboard.php(2): CodeIgniter\Debug\Exceptions->errorHandler(2, 'include(./../header.php): Failed to open stream: No such file or directory', 'D:\\project\\codeigniter4-framework-7c663e1\\app\\Views\\dashboard\\dashboard.php', 2)
 2 APPPATH\Views\dashboard\dashboard.php(2): include()
 3 SYSTEMPATH\View\View.php(224): include('D:\\project\\codeigniter4-framework-7c663e1\\app\\Views\\dashboard\\dashboard.php')
 4 SYSTEMPATH\View\View.php(227): CodeIgniter\View\View->CodeIgniter\View\{closure}()
 5 SYSTEMPATH\Common.php(1176): CodeIgniter\View\View->render('dashboard/dashboard.php', [], true)
 6 APPPATH\Controllers\Home.php(58): view('dashboard/dashboard.php')
 7 SYSTEMPATH\CodeIgniter.php(932): App\Controllers\Home->dashboard()
 8 SYSTEMPATH\CodeIgniter.php(497): CodeIgniter\CodeIgniter->runController(Object(App\Controllers\Home))
 9 SYSTEMPATH\CodeIgniter.php(366): CodeIgniter\CodeIgniter->handleRequest(null, Object(Config\Cache), false)
10 FCPATH\index.php(67): CodeIgniter\CodeIgniter->run()
11 SYSTEMPATH\Commands\Server\rewrite.php(47): require_once('D:\\project\\codeigniter4-framework-7c663e1\\public\\index.php')
CRITICAL - 2023-08-13 15:31:58 --> include(./../header.php): Failed to open stream: No such file or directory
in APPPATH\Views\dashboard\dashboard.php on line 2.
 1 APPPATH\Views\dashboard\dashboard.php(2): CodeIgniter\Debug\Exceptions->errorHandler(2, 'include(./../header.php): Failed to open stream: No such file or directory', 'D:\\project\\codeigniter4-framework-7c663e1\\app\\Views\\dashboard\\dashboard.php', 2)
 2 APPPATH\Views\dashboard\dashboard.php(2): include()
 3 SYSTEMPATH\View\View.php(224): include('D:\\project\\codeigniter4-framework-7c663e1\\app\\Views\\dashboard\\dashboard.php')
 4 SYSTEMPATH\View\View.php(227): CodeIgniter\View\View->CodeIgniter\View\{closure}()
 5 SYSTEMPATH\Common.php(1176): CodeIgniter\View\View->render('dashboard/dashboard', [], true)
 6 APPPATH\Controllers\Home.php(58): view('dashboard/dashboard')
 7 SYSTEMPATH\CodeIgniter.php(932): App\Controllers\Home->dashboard()
 8 SYSTEMPATH\CodeIgniter.php(497): CodeIgniter\CodeIgniter->runController(Object(App\Controllers\Home))
 9 SYSTEMPATH\CodeIgniter.php(366): CodeIgniter\CodeIgniter->handleRequest(null, Object(Config\Cache), false)
10 FCPATH\index.php(67): CodeIgniter\CodeIgniter->run()
11 SYSTEMPATH\Commands\Server\rewrite.php(47): require_once('D:\\project\\codeigniter4-framework-7c663e1\\public\\index.php')
CRITICAL - 2023-08-13 15:32:01 --> include(./../header.php): Failed to open stream: No such file or directory
in APPPATH\Views\dashboard\dashboard.php on line 2.
 1 APPPATH\Views\dashboard\dashboard.php(2): CodeIgniter\Debug\Exceptions->errorHandler(2, 'include(./../header.php): Failed to open stream: No such file or directory', 'D:\\project\\codeigniter4-framework-7c663e1\\app\\Views\\dashboard\\dashboard.php', 2)
 2 APPPATH\Views\dashboard\dashboard.php(2): include()
 3 SYSTEMPATH\View\View.php(224): include('D:\\project\\codeigniter4-framework-7c663e1\\app\\Views\\dashboard\\dashboard.php')
 4 SYSTEMPATH\View\View.php(227): CodeIgniter\View\View->CodeIgniter\View\{closure}()
 5 SYSTEMPATH\Common.php(1176): CodeIgniter\View\View->render('dashboard/dashboard', [], true)
 6 APPPATH\Controllers\Home.php(58): view('dashboard/dashboard')
 7 SYSTEMPATH\CodeIgniter.php(932): App\Controllers\Home->dashboard()
 8 SYSTEMPATH\CodeIgniter.php(497): CodeIgniter\CodeIgniter->runController(Object(App\Controllers\Home))
 9 SYSTEMPATH\CodeIgniter.php(366): CodeIgniter\CodeIgniter->handleRequest(null, Object(Config\Cache), false)
10 FCPATH\index.php(67): CodeIgniter\CodeIgniter->run()
11 SYSTEMPATH\Commands\Server\rewrite.php(47): require_once('D:\\project\\codeigniter4-framework-7c663e1\\public\\index.php')
CRITICAL - 2023-08-13 15:32:03 --> include(./../header.php): Failed to open stream: No such file or directory
in APPPATH\Views\dashboard\dashboard.php on line 2.
 1 APPPATH\Views\dashboard\dashboard.php(2): CodeIgniter\Debug\Exceptions->errorHandler(2, 'include(./../header.php): Failed to open stream: No such file or directory', 'D:\\project\\codeigniter4-framework-7c663e1\\app\\Views\\dashboard\\dashboard.php', 2)
 2 APPPATH\Views\dashboard\dashboard.php(2): include()
 3 SYSTEMPATH\View\View.php(224): include('D:\\project\\codeigniter4-framework-7c663e1\\app\\Views\\dashboard\\dashboard.php')
 4 SYSTEMPATH\View\View.php(227): CodeIgniter\View\View->CodeIgniter\View\{closure}()
 5 SYSTEMPATH\Common.php(1176): CodeIgniter\View\View->render('dashboard/dashboard', [], true)
 6 APPPATH\Controllers\Home.php(58): view('dashboard/dashboard')
 7 SYSTEMPATH\CodeIgniter.php(932): App\Controllers\Home->dashboard()
 8 SYSTEMPATH\CodeIgniter.php(497): CodeIgniter\CodeIgniter->runController(Object(App\Controllers\Home))
 9 SYSTEMPATH\CodeIgniter.php(366): CodeIgniter\CodeIgniter->handleRequest(null, Object(Config\Cache), false)
10 FCPATH\index.php(67): CodeIgniter\CodeIgniter->run()
11 SYSTEMPATH\Commands\Server\rewrite.php(47): require_once('D:\\project\\codeigniter4-framework-7c663e1\\public\\index.php')
CRITICAL - 2023-08-13 15:32:30 --> include(./../header.php): Failed to open stream: No such file or directory
in APPPATH\Views\dashboard\dashboard.php on line 2.
 1 APPPATH\Views\dashboard\dashboard.php(2): CodeIgniter\Debug\Exceptions->errorHandler(2, 'include(./../header.php): Failed to open stream: No such file or directory', 'D:\\project\\codeigniter4-framework-7c663e1\\app\\Views\\dashboard\\dashboard.php', 2)
 2 APPPATH\Views\dashboard\dashboard.php(2): include()
 3 SYSTEMPATH\View\View.php(224): include('D:\\project\\codeigniter4-framework-7c663e1\\app\\Views\\dashboard\\dashboard.php')
 4 SYSTEMPATH\View\View.php(227): CodeIgniter\View\View->CodeIgniter\View\{closure}()
 5 SYSTEMPATH\Common.php(1176): CodeIgniter\View\View->render('dashboard/dashboard', [], true)
 6 APPPATH\Controllers\Home.php(58): view('dashboard/dashboard')
 7 SYSTEMPATH\CodeIgniter.php(932): App\Controllers\Home->dashboard()
 8 SYSTEMPATH\CodeIgniter.php(497): CodeIgniter\CodeIgniter->runController(Object(App\Controllers\Home))
 9 SYSTEMPATH\CodeIgniter.php(366): CodeIgniter\CodeIgniter->handleRequest(null, Object(Config\Cache), false)
10 FCPATH\index.php(67): CodeIgniter\CodeIgniter->run()
11 SYSTEMPATH\Commands\Server\rewrite.php(47): require_once('D:\\project\\codeigniter4-framework-7c663e1\\public\\index.php')
CRITICAL - 2023-08-13 15:32:32 --> include(./../header.php): Failed to open stream: No such file or directory
in APPPATH\Views\dashboard\dashboard.php on line 2.
 1 APPPATH\Views\dashboard\dashboard.php(2): CodeIgniter\Debug\Exceptions->errorHandler(2, 'include(./../header.php): Failed to open stream: No such file or directory', 'D:\\project\\codeigniter4-framework-7c663e1\\app\\Views\\dashboard\\dashboard.php', 2)
 2 APPPATH\Views\dashboard\dashboard.php(2): include()
 3 SYSTEMPATH\View\View.php(224): include('D:\\project\\codeigniter4-framework-7c663e1\\app\\Views\\dashboard\\dashboard.php')
 4 SYSTEMPATH\View\View.php(227): CodeIgniter\View\View->CodeIgniter\View\{closure}()
 5 SYSTEMPATH\Common.php(1176): CodeIgniter\View\View->render('dashboard/dashboard', [], true)
 6 APPPATH\Controllers\Home.php(58): view('dashboard/dashboard')
 7 SYSTEMPATH\CodeIgniter.php(932): App\Controllers\Home->dashboard()
 8 SYSTEMPATH\CodeIgniter.php(497): CodeIgniter\CodeIgniter->runController(Object(App\Controllers\Home))
 9 SYSTEMPATH\CodeIgniter.php(366): CodeIgniter\CodeIgniter->handleRequest(null, Object(Config\Cache), false)
10 FCPATH\index.php(67): CodeIgniter\CodeIgniter->run()
11 SYSTEMPATH\Commands\Server\rewrite.php(47): require_once('D:\\project\\codeigniter4-framework-7c663e1\\public\\index.php')
CRITICAL - 2023-08-13 15:36:56 --> include(../header.php): Failed to open stream: No such file or directory
in APPPATH\Views\dashboard\dashboard.php on line 2.
 1 APPPATH\Views\dashboard\dashboard.php(2): CodeIgniter\Debug\Exceptions->errorHandler(2, 'include(../header.php): Failed to open stream: No such file or directory', 'D:\\project\\codeigniter4-framework-7c663e1\\app\\Views\\dashboard\\dashboard.php', 2)
 2 APPPATH\Views\dashboard\dashboard.php(2): include()
 3 SYSTEMPATH\View\View.php(224): include('D:\\project\\codeigniter4-framework-7c663e1\\app\\Views\\dashboard\\dashboard.php')
 4 SYSTEMPATH\View\View.php(227): CodeIgniter\View\View->CodeIgniter\View\{closure}()
 5 SYSTEMPATH\Common.php(1176): CodeIgniter\View\View->render('dashboard/dashboard', [], true)
 6 APPPATH\Controllers\Home.php(58): view('dashboard/dashboard')
 7 SYSTEMPATH\CodeIgniter.php(932): App\Controllers\Home->dashboard()
 8 SYSTEMPATH\CodeIgniter.php(497): CodeIgniter\CodeIgniter->runController(Object(App\Controllers\Home))
 9 SYSTEMPATH\CodeIgniter.php(366): CodeIgniter\CodeIgniter->handleRequest(null, Object(Config\Cache), false)
10 FCPATH\index.php(67): CodeIgniter\CodeIgniter->run()
11 SYSTEMPATH\Commands\Server\rewrite.php(47): require_once('D:\\project\\codeigniter4-framework-7c663e1\\public\\index.php')
CRITICAL - 2023-08-13 15:39:20 --> Invalid file: "../header.php"
in SYSTEMPATH\Exceptions\FrameworkException.php on line 33.
 1 SYSTEMPATH\View\View.php(212): CodeIgniter\Exceptions\FrameworkException::forInvalidFile('../header.php')
 2 SYSTEMPATH\View\View.php(452): CodeIgniter\View\View->render('../header.php', null, true)
 3 APPPATH\Views\dashboard\dashboard.php(2): CodeIgniter\View\View->include('../header.php')
 4 SYSTEMPATH\View\View.php(224): include('D:\\project\\codeigniter4-framework-7c663e1\\app\\Views\\dashboard\\dashboard.php')
 5 SYSTEMPATH\View\View.php(227): CodeIgniter\View\View->CodeIgniter\View\{closure}()
 6 SYSTEMPATH\Common.php(1176): CodeIgniter\View\View->render('dashboard/dashboard', [], true)
 7 APPPATH\Controllers\Home.php(58): view('dashboard/dashboard')
 8 SYSTEMPATH\CodeIgniter.php(932): App\Controllers\Home->dashboard()
 9 SYSTEMPATH\CodeIgniter.php(497): CodeIgniter\CodeIgniter->runController(Object(App\Controllers\Home))
10 SYSTEMPATH\CodeIgniter.php(366): CodeIgniter\CodeIgniter->handleRequest(null, Object(Config\Cache), false)
11 FCPATH\index.php(67): CodeIgniter\CodeIgniter->run()
12 SYSTEMPATH\Commands\Server\rewrite.php(47): require_once('D:\\project\\codeigniter4-framework-7c663e1\\public\\index.php')
CRITICAL - 2023-08-13 15:40:52 --> include(./../footer.php): Failed to open stream: No such file or directory
in APPPATH\Views\dashboard\dashboard.php on line 91.
 1 APPPATH\Views\dashboard\dashboard.php(91): CodeIgniter\Debug\Exceptions->errorHandler(2, 'include(./../footer.php): Failed to open stream: No such file or directory', 'D:\\project\\codeigniter4-framework-7c663e1\\app\\Views\\dashboard\\dashboard.php', 91)
 2 APPPATH\Views\dashboard\dashboard.php(91): include()
 3 SYSTEMPATH\View\View.php(224): include('D:\\project\\codeigniter4-framework-7c663e1\\app\\Views\\dashboard\\dashboard.php')
 4 SYSTEMPATH\View\View.php(227): CodeIgniter\View\View->CodeIgniter\View\{closure}()
 5 SYSTEMPATH\Common.php(1176): CodeIgniter\View\View->render('dashboard/dashboard', [], true)
 6 APPPATH\Controllers\Home.php(58): view('dashboard/dashboard')
 7 SYSTEMPATH\CodeIgniter.php(932): App\Controllers\Home->dashboard()
 8 SYSTEMPATH\CodeIgniter.php(497): CodeIgniter\CodeIgniter->runController(Object(App\Controllers\Home))
 9 SYSTEMPATH\CodeIgniter.php(366): CodeIgniter\CodeIgniter->handleRequest(null, Object(Config\Cache), false)
10 FCPATH\index.php(67): CodeIgniter\CodeIgniter->run()
11 SYSTEMPATH\Commands\Server\rewrite.php(47): require_once('D:\\project\\codeigniter4-framework-7c663e1\\public\\index.php')
CRITICAL - 2023-08-13 15:41:15 --> include(footer): Failed to open stream: No such file or directory
in APPPATH\Views\dashboard\dashboard.php on line 91.
 1 APPPATH\Views\dashboard\dashboard.php(91): CodeIgniter\Debug\Exceptions->errorHandler(2, 'include(footer): Failed to open stream: No such file or directory', 'D:\\project\\codeigniter4-framework-7c663e1\\app\\Views\\dashboard\\dashboard.php', 91)
 2 APPPATH\Views\dashboard\dashboard.php(91): include()
 3 SYSTEMPATH\View\View.php(224): include('D:\\project\\codeigniter4-framework-7c663e1\\app\\Views\\dashboard\\dashboard.php')
 4 SYSTEMPATH\View\View.php(227): CodeIgniter\View\View->CodeIgniter\View\{closure}()
 5 SYSTEMPATH\Common.php(1176): CodeIgniter\View\View->render('dashboard/dashboard', [], true)
 6 APPPATH\Controllers\Home.php(58): view('dashboard/dashboard')
 7 SYSTEMPATH\CodeIgniter.php(932): App\Controllers\Home->dashboard()
 8 SYSTEMPATH\CodeIgniter.php(497): CodeIgniter\CodeIgniter->runController(Object(App\Controllers\Home))
 9 SYSTEMPATH\CodeIgniter.php(366): CodeIgniter\CodeIgniter->handleRequest(null, Object(Config\Cache), false)
10 FCPATH\index.php(67): CodeIgniter\CodeIgniter->run()
11 SYSTEMPATH\Commands\Server\rewrite.php(47): require_once('D:\\project\\codeigniter4-framework-7c663e1\\public\\index.php')
CRITICAL - 2023-08-13 15:41:17 --> include(footer): Failed to open stream: No such file or directory
in APPPATH\Views\dashboard\dashboard.php on line 91.
 1 APPPATH\Views\dashboard\dashboard.php(91): CodeIgniter\Debug\Exceptions->errorHandler(2, 'include(footer): Failed to open stream: No such file or directory', 'D:\\project\\codeigniter4-framework-7c663e1\\app\\Views\\dashboard\\dashboard.php', 91)
 2 APPPATH\Views\dashboard\dashboard.php(91): include()
 3 SYSTEMPATH\View\View.php(224): include('D:\\project\\codeigniter4-framework-7c663e1\\app\\Views\\dashboard\\dashboard.php')
 4 SYSTEMPATH\View\View.php(227): CodeIgniter\View\View->CodeIgniter\View\{closure}()
 5 SYSTEMPATH\Common.php(1176): CodeIgniter\View\View->render('dashboard/dashboard', [], true)
 6 APPPATH\Controllers\Home.php(58): view('dashboard/dashboard')
 7 SYSTEMPATH\CodeIgniter.php(932): App\Controllers\Home->dashboard()
 8 SYSTEMPATH\CodeIgniter.php(497): CodeIgniter\CodeIgniter->runController(Object(App\Controllers\Home))
 9 SYSTEMPATH\CodeIgniter.php(366): CodeIgniter\CodeIgniter->handleRequest(null, Object(Config\Cache), false)
10 FCPATH\index.php(67): CodeIgniter\CodeIgniter->run()
11 SYSTEMPATH\Commands\Server\rewrite.php(47): require_once('D:\\project\\codeigniter4-framework-7c663e1\\public\\index.php')
CRITICAL - 2023-08-13 15:43:19 --> include_once(../header.php): Failed to open stream: No such file or directory
in APPPATH\Views\dashboard\dashboard.php on line 3.
 1 APPPATH\Views\dashboard\dashboard.php(3): CodeIgniter\Debug\Exceptions->errorHandler(2, 'include_once(../header.php): Failed to open stream: No such file or directory', 'D:\\project\\codeigniter4-framework-7c663e1\\app\\Views\\dashboard\\dashboard.php', 3)
 2 APPPATH\Views\dashboard\dashboard.php(3): include_once()
 3 SYSTEMPATH\View\View.php(224): include('D:\\project\\codeigniter4-framework-7c663e1\\app\\Views\\dashboard\\dashboard.php')
 4 SYSTEMPATH\View\View.php(227): CodeIgniter\View\View->CodeIgniter\View\{closure}()
 5 SYSTEMPATH\Common.php(1176): CodeIgniter\View\View->render('dashboard/dashboard', [], true)
 6 APPPATH\Controllers\Home.php(57): view('dashboard/dashboard')
 7 SYSTEMPATH\CodeIgniter.php(932): App\Controllers\Home->dashboard()
 8 SYSTEMPATH\CodeIgniter.php(497): CodeIgniter\CodeIgniter->runController(Object(App\Controllers\Home))
 9 SYSTEMPATH\CodeIgniter.php(366): CodeIgniter\CodeIgniter->handleRequest(null, Object(Config\Cache), false)
10 FCPATH\index.php(67): CodeIgniter\CodeIgniter->run()
11 SYSTEMPATH\Commands\Server\rewrite.php(47): require_once('D:\\project\\codeigniter4-framework-7c663e1\\public\\index.php')
CRITICAL - 2023-08-13 15:45:12 --> include(./../header.php): Failed to open stream: No such file or directory
in APPPATH\Views\dashboard\dashboard.php on line 3.
 1 APPPATH\Views\dashboard\dashboard.php(3): CodeIgniter\Debug\Exceptions->errorHandler(2, 'include(./../header.php): Failed to open stream: No such file or directory', 'D:\\project\\codeigniter4-framework-7c663e1\\app\\Views\\dashboard\\dashboard.php', 3)
 2 APPPATH\Views\dashboard\dashboard.php(3): include()
 3 SYSTEMPATH\View\View.php(224): include('D:\\project\\codeigniter4-framework-7c663e1\\app\\Views\\dashboard\\dashboard.php')
 4 SYSTEMPATH\View\View.php(227): CodeIgniter\View\View->CodeIgniter\View\{closure}()
 5 SYSTEMPATH\Common.php(1176): CodeIgniter\View\View->render('dashboard/dashboard', [], true)
 6 APPPATH\Controllers\Home.php(57): view('dashboard/dashboard')
 7 SYSTEMPATH\CodeIgniter.php(932): App\Controllers\Home->dashboard()
 8 SYSTEMPATH\CodeIgniter.php(497): CodeIgniter\CodeIgniter->runController(Object(App\Controllers\Home))
 9 SYSTEMPATH\CodeIgniter.php(366): CodeIgniter\CodeIgniter->handleRequest(null, Object(Config\Cache), false)
10 FCPATH\index.php(67): CodeIgniter\CodeIgniter->run()
11 SYSTEMPATH\Commands\Server\rewrite.php(47): require_once('D:\\project\\codeigniter4-framework-7c663e1\\public\\index.php')
CRITICAL - 2023-08-13 16:01:20 --> Call to undefined method CodeIgniter\Session\Session::unset()
in APPPATH\Controllers\Home.php on line 64.
 1 SYSTEMPATH\CodeIgniter.php(932): App\Controllers\Home->logout()
 2 SYSTEMPATH\CodeIgniter.php(497): CodeIgniter\CodeIgniter->runController(Object(App\Controllers\Home))
 3 SYSTEMPATH\CodeIgniter.php(366): CodeIgniter\CodeIgniter->handleRequest(null, Object(Config\Cache), false)
 4 FCPATH\index.php(67): CodeIgniter\CodeIgniter->run()
 5 SYSTEMPATH\Commands\Server\rewrite.php(47): require_once('D:\\project\\codeigniter4-framework-7c663e1\\public\\index.php')
CRITICAL - 2023-08-13 16:54:56 --> The route for "/dashboard" cannot be found.
in SYSTEMPATH\HTTP\RedirectResponse.php on line 60.
 1 SYSTEMPATH\HTTP\RedirectResponse.php(60): CodeIgniter\HTTP\Exceptions\HTTPException::forInvalidRedirectRoute('/dashboard')
 2 SYSTEMPATH\Common.php(876): CodeIgniter\HTTP\RedirectResponse->route(false)
 3 APPPATH\Controllers\Home.php(61): redirect('/dashboard')
 4 SYSTEMPATH\CodeIgniter.php(932): App\Controllers\Home->loginIn()
 5 SYSTEMPATH\CodeIgniter.php(497): CodeIgniter\CodeIgniter->runController(Object(App\Controllers\Home))
 6 SYSTEMPATH\CodeIgniter.php(366): CodeIgniter\CodeIgniter->handleRequest(null, Object(Config\Cache), false)
 7 FCPATH\index.php(67): CodeIgniter\CodeIgniter->run()
 8 SYSTEMPATH\Commands\Server\rewrite.php(47): require_once('D:\\project\\codeigniter4-framework-7c663e1\\public\\index.php')
CRITICAL - 2023-08-13 17:00:10 --> The route for "/dashboard" cannot be found.
in SYSTEMPATH\HTTP\RedirectResponse.php on line 60.
 1 SYSTEMPATH\HTTP\RedirectResponse.php(60): CodeIgniter\HTTP\Exceptions\HTTPException::forInvalidRedirectRoute('/dashboard')
 2 SYSTEMPATH\Common.php(876): CodeIgniter\HTTP\RedirectResponse->route(false)
 3 APPPATH\Controllers\Home.php(61): redirect('/dashboard')
 4 SYSTEMPATH\CodeIgniter.php(932): App\Controllers\Home->loginIn()
 5 SYSTEMPATH\CodeIgniter.php(497): CodeIgniter\CodeIgniter->runController(Object(App\Controllers\Home))
 6 SYSTEMPATH\CodeIgniter.php(366): CodeIgniter\CodeIgniter->handleRequest(null, Object(Config\Cache), false)
 7 FCPATH\index.php(67): CodeIgniter\CodeIgniter->run()
 8 SYSTEMPATH\Commands\Server\rewrite.php(47): require_once('D:\\project\\codeigniter4-framework-7c663e1\\public\\index.php')
CRITICAL - 2023-08-13 17:03:14 --> The route for "/login" cannot be found.
in SYSTEMPATH\HTTP\RedirectResponse.php on line 60.
 1 SYSTEMPATH\HTTP\RedirectResponse.php(60): CodeIgniter\HTTP\Exceptions\HTTPException::forInvalidRedirectRoute('/login')
 2 SYSTEMPATH\Common.php(876): CodeIgniter\HTTP\RedirectResponse->route(false)
 3 APPPATH\Controllers\Home.php(46): redirect('/login')
 4 SYSTEMPATH\CodeIgniter.php(932): App\Controllers\Home->loginn()
 5 SYSTEMPATH\CodeIgniter.php(497): CodeIgniter\CodeIgniter->runController(Object(App\Controllers\Home))
 6 SYSTEMPATH\CodeIgniter.php(366): CodeIgniter\CodeIgniter->handleRequest(null, Object(Config\Cache), false)
 7 FCPATH\index.php(67): CodeIgniter\CodeIgniter->run()
 8 SYSTEMPATH\Commands\Server\rewrite.php(47): require_once('D:\\project\\codeigniter4-framework-7c663e1\\public\\index.php')
CRITICAL - 2023-08-13 17:03:25 --> The route for "/login" cannot be found.
in SYSTEMPATH\HTTP\RedirectResponse.php on line 60.
 1 SYSTEMPATH\HTTP\RedirectResponse.php(60): CodeIgniter\HTTP\Exceptions\HTTPException::forInvalidRedirectRoute('/login')
 2 SYSTEMPATH\Common.php(876): CodeIgniter\HTTP\RedirectResponse->route(false)
 3 APPPATH\Controllers\Home.php(46): redirect('/login')
 4 SYSTEMPATH\CodeIgniter.php(932): App\Controllers\Home->loginn()
 5 SYSTEMPATH\CodeIgniter.php(497): CodeIgniter\CodeIgniter->runController(Object(App\Controllers\Home))
 6 SYSTEMPATH\CodeIgniter.php(366): CodeIgniter\CodeIgniter->handleRequest(null, Object(Config\Cache), false)
 7 FCPATH\index.php(67): CodeIgniter\CodeIgniter->run()
 8 SYSTEMPATH\Commands\Server\rewrite.php(47): require_once('D:\\project\\codeigniter4-framework-7c663e1\\public\\index.php')
CRITICAL - 2023-08-13 17:03:38 --> The route for "/login" cannot be found.
in SYSTEMPATH\HTTP\RedirectResponse.php on line 60.
 1 SYSTEMPATH\HTTP\RedirectResponse.php(60): CodeIgniter\HTTP\Exceptions\HTTPException::forInvalidRedirectRoute('/login')
 2 SYSTEMPATH\Common.php(876): CodeIgniter\HTTP\RedirectResponse->route(false)
 3 APPPATH\Controllers\Home.php(46): redirect('/login')
 4 SYSTEMPATH\CodeIgniter.php(932): App\Controllers\Home->loginn()
 5 SYSTEMPATH\CodeIgniter.php(497): CodeIgniter\CodeIgniter->runController(Object(App\Controllers\Home))
 6 SYSTEMPATH\CodeIgniter.php(366): CodeIgniter\CodeIgniter->handleRequest(null, Object(Config\Cache), false)
 7 FCPATH\index.php(67): CodeIgniter\CodeIgniter->run()
 8 SYSTEMPATH\Commands\Server\rewrite.php(47): require_once('D:\\project\\codeigniter4-framework-7c663e1\\public\\index.php')
